pydev debugger: process 14628 is connecting

Namespace(fecha_fin=datetime.datetime(2020, 4, 30, 0, 0), fecha_ini=datetime.datetime(2020, 4, 1, 0, 0), force=False, nombre='E.E. QUITO', save=True, verbosity=False)

[2020-07-06 14:08:05] 	Procesando información de [E.E. QUITO] en el periodo: [2020-04-01 00:00:00, 2020-04-30 00:00:00]
{'host': 'localhost', 'port': 2717, 'db': 'DB_DISP_EMS_TEST'}
Carg. UTRs [E.E. QUITO]                 :   0%|                               | 0/1 [00:00<?, ?it/s]Carg. UTRs [E.E. QUITO]                 : 100%|███████████████████████| 1/1 [00:00<00:00, 14.71it/s]
Proc. UTRs [E.E. QUITO]                 :   0%|                              | 0/10 [00:00<?, ?it/s]--- Logging error ---
Traceback (most recent call last):
  File "C:\ProgramData\Anaconda3\lib\logging\handlers.py", line 72, in emit
    self.doRollover()
  File "C:\ProgramData\Anaconda3\lib\logging\handlers.py", line 173, in doRollover
    self.rotate(self.baseFilename, dfn)
  File "C:\ProgramData\Anaconda3\lib\logging\handlers.py", line 113, in rotate
    os.rename(source, dest)
PermissionError: [WinError 32] El proceso no tiene acceso al archivo porque está siendo utilizado por otro proceso: 'E:\\proyectos\\Disponibilidad\\logs\\Report.log' -> 'E:\\proyectos\\Disponibilidad\\logs\\Report.log.1'
Call stack:
  File "C:\Program Files\JetBrains\PyCharm Community Edition 2019.3.1\plugins\python-ce\helpers\pydev\pydevd.py", line 2127, in <module>
    main()
  File "C:\Program Files\JetBrains\PyCharm Community Edition 2019.3.1\plugins\python-ce\helpers\pydev\pydevd.py", line 2118, in main
    globals = debugger.run(setup['file'], None, None, is_module)
  File "C:\Program Files\JetBrains\PyCharm Community Edition 2019.3.1\plugins\python-ce\helpers\pydev\pydevd.py", line 1427, in run
    return self._exec(is_module, entry_point_fn, module_name, file, globals, locals)
  File "C:\Program Files\JetBrains\PyCharm Community Edition 2019.3.1\plugins\python-ce\helpers\pydev\pydevd.py", line 1434, in _exec
    pydev_imports.execfile(file, globals, locals)  # execute the script
  File "C:\Program Files\JetBrains\PyCharm Community Edition 2019.3.1\plugins\python-ce\helpers\pydev\_pydev_imps\_pydev_execfile.py", line 18, in execfile
    exec(compile(contents+"\n", file, 'exec'), glob, loc)
  File "E:\proyectos\Disponibilidad\motor\node_scripts\eng_sRnode.py", line 494, in <module>
    success, node_report, msg = processing_node(args.nombre, args.fecha_ini, args.fecha_fin, args.save, args.force)
  File "E:\proyectos\Disponibilidad\motor\node_scripts\eng_sRnode.py", line 329, in processing_node
    lg.warning(warn)
Message: '\n[E.E. QUITO] [C_HCARCE] Tags no encontradas: \nC_HCARCE_0.4GEN_P.G-NET_DNP.AQ\nC_HCARCE_0.4GEN_Q.G-NET_DNP.AQ'
Arguments: ()

[E.E. QUITO] [C_HCARCE] Tags no encontradas: 
C_HCARCE_0.4GEN_P.G-NET_DNP.AQ
C_HCARCE_0.4GEN_Q.G-NET_DNP.AQ
--- Logging error ---
Traceback (most recent call last):
  File "C:\ProgramData\Anaconda3\lib\logging\handlers.py", line 72, in emit
    self.doRollover()
  File "C:\ProgramData\Anaconda3\lib\logging\handlers.py", line 173, in doRollover
    self.rotate(self.baseFilename, dfn)
  File "C:\ProgramData\Anaconda3\lib\logging\handlers.py", line 113, in rotate
    os.rename(source, dest)
PermissionError: [WinError 32] El proceso no tiene acceso al archivo porque está siendo utilizado por otro proceso: 'E:\\proyectos\\Disponibilidad\\logs\\Report.log' -> 'E:\\proyectos\\Disponibilidad\\logs\\Report.log.1'
Call stack:
  File "C:\Program Files\JetBrains\PyCharm Community Edition 2019.3.1\plugins\python-ce\helpers\pydev\pydevd.py", line 2127, in <module>
    main()
  File "C:\Program Files\JetBrains\PyCharm Community Edition 2019.3.1\plugins\python-ce\helpers\pydev\pydevd.py", line 2118, in main
    globals = debugger.run(setup['file'], None, None, is_module)
  File "C:\Program Files\JetBrains\PyCharm Community Edition 2019.3.1\plugins\python-ce\helpers\pydev\pydevd.py", line 1427, in run
    return self._exec(is_module, entry_point_fn, module_name, file, globals, locals)
  File "C:\Program Files\JetBrains\PyCharm Community Edition 2019.3.1\plugins\python-ce\helpers\pydev\pydevd.py", line 1434, in _exec
    pydev_imports.execfile(file, globals, locals)  # execute the script
  File "C:\Program Files\JetBrains\PyCharm Community Edition 2019.3.1\plugins\python-ce\helpers\pydev\_pydev_imps\_pydev_execfile.py", line 18, in execfile
    exec(compile(contents+"\n", file, 'exec'), glob, loc)
  File "E:\proyectos\Disponibilidad\motor\node_scripts\eng_sRnode.py", line 494, in <module>
    success, node_report, msg = processing_node(args.nombre, args.fecha_ini, args.fecha_fin, args.save, args.force)
  File "E:\proyectos\Disponibilidad\motor\node_scripts\eng_sRnode.py", line 337, in processing_node
    lg.error(msg)
Message: '\nNo se pudo procesar la UTR [C_HCARCE]: \nLa UTR C_HCARCE no tiene tags válidas'
Arguments: ()

No se pudo procesar la UTR [C_HCARCE]: 
La UTR C_HCARCE no tiene tags válidas
Proc. UTRs [E.E. QUITO]                 :  10%|██▏                   | 1/10 [00:00<00:01,  4.67it/s]Proc. UTRs [E.E. QUITO]                 :  20%|████▍                 | 2/10 [00:00<00:02,  3.59it/s]--- Logging error ---
Traceback (most recent call last):
  File "C:\ProgramData\Anaconda3\lib\logging\handlers.py", line 72, in emit
    self.doRollover()
  File "C:\ProgramData\Anaconda3\lib\logging\handlers.py", line 173, in doRollover
    self.rotate(self.baseFilename, dfn)
  File "C:\ProgramData\Anaconda3\lib\logging\handlers.py", line 113, in rotate
    os.rename(source, dest)
PermissionError: [WinError 32] El proceso no tiene acceso al archivo porque está siendo utilizado por otro proceso: 'E:\\proyectos\\Disponibilidad\\logs\\Report.log' -> 'E:\\proyectos\\Disponibilidad\\logs\\Report.log.1'
Call stack:
  File "C:\Program Files\JetBrains\PyCharm Community Edition 2019.3.1\plugins\python-ce\helpers\pydev\pydevd.py", line 2127, in <module>
    main()
  File "C:\Program Files\JetBrains\PyCharm Community Edition 2019.3.1\plugins\python-ce\helpers\pydev\pydevd.py", line 2118, in main
    globals = debugger.run(setup['file'], None, None, is_module)
  File "C:\Program Files\JetBrains\PyCharm Community Edition 2019.3.1\plugins\python-ce\helpers\pydev\pydevd.py", line 1427, in run
    return self._exec(is_module, entry_point_fn, module_name, file, globals, locals)
  File "C:\Program Files\JetBrains\PyCharm Community Edition 2019.3.1\plugins\python-ce\helpers\pydev\pydevd.py", line 1434, in _exec
    pydev_imports.execfile(file, globals, locals)  # execute the script
  File "C:\Program Files\JetBrains\PyCharm Community Edition 2019.3.1\plugins\python-ce\helpers\pydev\_pydev_imps\_pydev_execfile.py", line 18, in execfile
    exec(compile(contents+"\n", file, 'exec'), glob, loc)
  File "E:\proyectos\Disponibilidad\motor\node_scripts\eng_sRnode.py", line 494, in <module>
    success, node_report, msg = processing_node(args.nombre, args.fecha_ini, args.fecha_fin, args.save, args.force)
  File "E:\proyectos\Disponibilidad\motor\node_scripts\eng_sRnode.py", line 329, in processing_node
    lg.warning(warn)
Message: '\n[E.E. QUITO] [C_PASOC] Tags no encontradas: \nC_PASOC_43GEN_ALA.COMUNI_DNP.SQ'
Arguments: ()

[E.E. QUITO] [C_PASOC] Tags no encontradas: 
C_PASOC_43GEN_ALA.COMUNI_DNP.SQ
--- Logging error ---
Traceback (most recent call last):
  File "C:\ProgramData\Anaconda3\lib\logging\handlers.py", line 72, in emit
    self.doRollover()
  File "C:\ProgramData\Anaconda3\lib\logging\handlers.py", line 173, in doRollover
    self.rotate(self.baseFilename, dfn)
  File "C:\ProgramData\Anaconda3\lib\logging\handlers.py", line 113, in rotate
    os.rename(source, dest)
PermissionError: [WinError 32] El proceso no tiene acceso al archivo porque está siendo utilizado por otro proceso: 'E:\\proyectos\\Disponibilidad\\logs\\Report.log' -> 'E:\\proyectos\\Disponibilidad\\logs\\Report.log.1'
Call stack:
  File "C:\Program Files\JetBrains\PyCharm Community Edition 2019.3.1\plugins\python-ce\helpers\pydev\pydevd.py", line 2127, in <module>
    main()
  File "C:\Program Files\JetBrains\PyCharm Community Edition 2019.3.1\plugins\python-ce\helpers\pydev\pydevd.py", line 2118, in main
    globals = debugger.run(setup['file'], None, None, is_module)
  File "C:\Program Files\JetBrains\PyCharm Community Edition 2019.3.1\plugins\python-ce\helpers\pydev\pydevd.py", line 1427, in run
    return self._exec(is_module, entry_point_fn, module_name, file, globals, locals)
  File "C:\Program Files\JetBrains\PyCharm Community Edition 2019.3.1\plugins\python-ce\helpers\pydev\pydevd.py", line 1434, in _exec
    pydev_imports.execfile(file, globals, locals)  # execute the script
  File "C:\Program Files\JetBrains\PyCharm Community Edition 2019.3.1\plugins\python-ce\helpers\pydev\_pydev_imps\_pydev_execfile.py", line 18, in execfile
    exec(compile(contents+"\n", file, 'exec'), glob, loc)
  File "E:\proyectos\Disponibilidad\motor\node_scripts\eng_sRnode.py", line 494, in <module>
    success, node_report, msg = processing_node(args.nombre, args.fecha_ini, args.fecha_fin, args.save, args.force)
  File "E:\proyectos\Disponibilidad\motor\node_scripts\eng_sRnode.py", line 329, in processing_node
    lg.warning(warn)
Message: '\n[E.E. QUITO] [C_CHILLO] Tags no encontradas: \nC_CHILLO_2.2GEN_ALA.COMUNI_DNP.SQ'
Arguments: ()

[E.E. QUITO] [C_CHILLO] Tags no encontradas: 
C_CHILLO_2.2GEN_ALA.COMUNI_DNP.SQ
--- Logging error ---
Traceback (most recent call last):
  File "C:\ProgramData\Anaconda3\lib\logging\handlers.py", line 72, in emit
    self.doRollover()
  File "C:\ProgramData\Anaconda3\lib\logging\handlers.py", line 173, in doRollover
    self.rotate(self.baseFilename, dfn)
  File "C:\ProgramData\Anaconda3\lib\logging\handlers.py", line 113, in rotate
    os.rename(source, dest)
PermissionError: [WinError 32] El proceso no tiene acceso al archivo porque está siendo utilizado por otro proceso: 'E:\\proyectos\\Disponibilidad\\logs\\Report.log' -> 'E:\\proyectos\\Disponibilidad\\logs\\Report.log.1'
Call stack:
  File "C:\Program Files\JetBrains\PyCharm Community Edition 2019.3.1\plugins\python-ce\helpers\pydev\pydevd.py", line 2127, in <module>
    main()
  File "C:\Program Files\JetBrains\PyCharm Community Edition 2019.3.1\plugins\python-ce\helpers\pydev\pydevd.py", line 2118, in main
    globals = debugger.run(setup['file'], None, None, is_module)
  File "C:\Program Files\JetBrains\PyCharm Community Edition 2019.3.1\plugins\python-ce\helpers\pydev\pydevd.py", line 1427, in run
    return self._exec(is_module, entry_point_fn, module_name, file, globals, locals)
  File "C:\Program Files\JetBrains\PyCharm Community Edition 2019.3.1\plugins\python-ce\helpers\pydev\pydevd.py", line 1434, in _exec
    pydev_imports.execfile(file, globals, locals)  # execute the script
  File "C:\Program Files\JetBrains\PyCharm Community Edition 2019.3.1\plugins\python-ce\helpers\pydev\_pydev_imps\_pydev_execfile.py", line 18, in execfile
    exec(compile(contents+"\n", file, 'exec'), glob, loc)
  File "E:\proyectos\Disponibilidad\motor\node_scripts\eng_sRnode.py", line 494, in <module>
    success, node_report, msg = processing_node(args.nombre, args.fecha_ini, args.fecha_fin, args.save, args.force)
  File "E:\proyectos\Disponibilidad\motor\node_scripts\eng_sRnode.py", line 329, in processing_node
    lg.warning(warn)
Message: '\n[E.E. QUITO] [C_GUAN_D] Tags no encontradas: \nRTU_54_19RTUFAILED.SQ\nC_GUAN_D4.16U6_HI_ALA.FAL.ELE+MEC_ICC.EQ\nC_GUAN_D4.16U6_HI_ALA.FAL.ELECTR._ICC.EQ\nC_GUAN_D4.16U6_HI_ALA.PAR.MA_ICC.EQ\nC_GUAN_D4.16U6_HI_ALA.FAL.MECANI._ICC.EQ\nC_GUAN_D46T6_SC.BAR189-G6_ICC.EQ'
Arguments: ()

[E.E. QUITO] [C_GUAN_D] Tags no encontradas: 
RTU_54_19RTUFAILED.SQ
C_GUAN_D4.16U6_HI_ALA.FAL.ELE+MEC_ICC.EQ
C_GUAN_D4.16U6_HI_ALA.FAL.ELECTR._ICC.EQ
C_GUAN_D4.16U6_HI_ALA.PAR.MA_ICC.EQ
C_GUAN_D4.16U6_HI_ALA.FAL.MECANI._ICC.EQ
C_GUAN_D46T6_SC.BAR189-G6_ICC.EQ
Proc. UTRs [E.E. QUITO]                 :  50%|███████████           | 5/10 [00:01<00:01,  3.14it/s]--- Logging error ---
Traceback (most recent call last):
  File "C:\ProgramData\Anaconda3\lib\logging\handlers.py", line 72, in emit
    self.doRollover()
  File "C:\ProgramData\Anaconda3\lib\logging\handlers.py", line 173, in doRollover
    self.rotate(self.baseFilename, dfn)
  File "C:\ProgramData\Anaconda3\lib\logging\handlers.py", line 113, in rotate
    os.rename(source, dest)
PermissionError: [WinError 32] El proceso no tiene acceso al archivo porque está siendo utilizado por otro proceso: 'E:\\proyectos\\Disponibilidad\\logs\\Report.log' -> 'E:\\proyectos\\Disponibilidad\\logs\\Report.log.1'
Call stack:
  File "C:\Program Files\JetBrains\PyCharm Community Edition 2019.3.1\plugins\python-ce\helpers\pydev\pydevd.py", line 2127, in <module>
    main()
  File "C:\Program Files\JetBrains\PyCharm Community Edition 2019.3.1\plugins\python-ce\helpers\pydev\pydevd.py", line 2118, in main
    globals = debugger.run(setup['file'], None, None, is_module)
  File "C:\Program Files\JetBrains\PyCharm Community Edition 2019.3.1\plugins\python-ce\helpers\pydev\pydevd.py", line 1427, in run
    return self._exec(is_module, entry_point_fn, module_name, file, globals, locals)
  File "C:\Program Files\JetBrains\PyCharm Community Edition 2019.3.1\plugins\python-ce\helpers\pydev\pydevd.py", line 1434, in _exec
    pydev_imports.execfile(file, globals, locals)  # execute the script
  File "C:\Program Files\JetBrains\PyCharm Community Edition 2019.3.1\plugins\python-ce\helpers\pydev\_pydev_imps\_pydev_execfile.py", line 18, in execfile
    exec(compile(contents+"\n", file, 'exec'), glob, loc)
  File "E:\proyectos\Disponibilidad\motor\node_scripts\eng_sRnode.py", line 494, in <module>
    success, node_report, msg = processing_node(args.nombre, args.fecha_ini, args.fecha_fin, args.save, args.force)
  File "E:\proyectos\Disponibilidad\motor\node_scripts\eng_sRnode.py", line 329, in processing_node
    lg.warning(warn)
Message: '\n[E.E. QUITO] [C_NAYON] Tags no encontradas: \nC_NAYON_NIVELAGUAENRESERVORI_DNP.AQ\nC_NAYON46BAR_U1_V.BARRA_DNP.AQ\nC_NAYON46BAR_U2_V.BARRA_DNP.AQ\nC_NAYON6.9U1_HI_ALA.FAL.MECANI._DNP.EQ\nC_NAYON6.9U1_HI_ALA.FAL.ELECTR._DNP.EQ\nC_NAYON6.9U1_HI_ALA.FAL.ELE+MEC_DNP.EQ\nC_NAYON6.9U1_SC.BAR189-1_DNP.SQ\nC_NAYON6.9U2_HI_ALA.FAL.ELECTR._DNP.EQ\nC_NAYON6.9U2_SC.BAR189-2_DNP.SQ\nC_NAYON6.9U2_HI_ALA.FAL.MECANI._DNP.EQ\nC_NAYON6.9U2_HI_ALA.FAL.ELE+MEC_DNP.EQ\nC_NAYON6.9U1_HI_ALA.PAR.MA_DNP.EQ\nRTU_67_23RTUFAILED.SQ\nC_NAYON6.9U2_HI_ALA.PAR.MA_DNP.EQ'
Arguments: ()

[E.E. QUITO] [C_NAYON] Tags no encontradas: 
C_NAYON_NIVELAGUAENRESERVORI_DNP.AQ
C_NAYON46BAR_U1_V.BARRA_DNP.AQ
C_NAYON46BAR_U2_V.BARRA_DNP.AQ
C_NAYON6.9U1_HI_ALA.FAL.MECANI._DNP.EQ
C_NAYON6.9U1_HI_ALA.FAL.ELECTR._DNP.EQ
C_NAYON6.9U1_HI_ALA.FAL.ELE+MEC_DNP.EQ
C_NAYON6.9U1_SC.BAR189-1_DNP.SQ
C_NAYON6.9U2_HI_ALA.FAL.ELECTR._DNP.EQ
C_NAYON6.9U2_SC.BAR189-2_DNP.SQ
C_NAYON6.9U2_HI_ALA.FAL.MECANI._DNP.EQ
C_NAYON6.9U2_HI_ALA.FAL.ELE+MEC_DNP.EQ
C_NAYON6.9U1_HI_ALA.PAR.MA_DNP.EQ
RTU_67_23RTUFAILED.SQ
C_NAYON6.9U2_HI_ALA.PAR.MA_DNP.EQ
Proc. UTRs [E.E. QUITO]                 :  60%|█████████████▏        | 6/10 [00:02<00:01,  3.15it/s]--- Logging error ---
Traceback (most recent call last):
  File "C:\ProgramData\Anaconda3\lib\logging\handlers.py", line 72, in emit
    self.doRollover()
  File "C:\ProgramData\Anaconda3\lib\logging\handlers.py", line 173, in doRollover
    self.rotate(self.baseFilename, dfn)
  File "C:\ProgramData\Anaconda3\lib\logging\handlers.py", line 113, in rotate
    os.rename(source, dest)
PermissionError: [WinError 32] El proceso no tiene acceso al archivo porque está siendo utilizado por otro proceso: 'E:\\proyectos\\Disponibilidad\\logs\\Report.log' -> 'E:\\proyectos\\Disponibilidad\\logs\\Report.log.1'
Call stack:
  File "C:\Program Files\JetBrains\PyCharm Community Edition 2019.3.1\plugins\python-ce\helpers\pydev\pydevd.py", line 2127, in <module>
    main()
  File "C:\Program Files\JetBrains\PyCharm Community Edition 2019.3.1\plugins\python-ce\helpers\pydev\pydevd.py", line 2118, in main
    globals = debugger.run(setup['file'], None, None, is_module)
  File "C:\Program Files\JetBrains\PyCharm Community Edition 2019.3.1\plugins\python-ce\helpers\pydev\pydevd.py", line 1427, in run
    return self._exec(is_module, entry_point_fn, module_name, file, globals, locals)
  File "C:\Program Files\JetBrains\PyCharm Community Edition 2019.3.1\plugins\python-ce\helpers\pydev\pydevd.py", line 1434, in _exec
    pydev_imports.execfile(file, globals, locals)  # execute the script
  File "C:\Program Files\JetBrains\PyCharm Community Edition 2019.3.1\plugins\python-ce\helpers\pydev\_pydev_imps\_pydev_execfile.py", line 18, in execfile
    exec(compile(contents+"\n", file, 'exec'), glob, loc)
  File "E:\proyectos\Disponibilidad\motor\node_scripts\eng_sRnode.py", line 494, in <module>
    success, node_report, msg = processing_node(args.nombre, args.fecha_ini, args.fecha_fin, args.save, args.force)
  File "E:\proyectos\Disponibilidad\motor\node_scripts\eng_sRnode.py", line 329, in processing_node
    lg.warning(warn)
Message: '\n[E.E. QUITO] [PAPALLAC] Tags no encontradas: \nPAPALLAC138EPMAPS_I.LINEA-C_ICC.AQ\nPAPALLAC_TR1-138-23-_I.TRAFO-B_ICC.AQ\nPAPALLAC_TR1-138-23-_LTC.23_ICC.AQ\nPAPALLAC138EPMAPS_I.LINEA-B_ICC.AQ\nPAPALLAC23ALI_B_N_Q.CARGA_ICC.AQ\nPAPALLAC23ALI_B_N_P.CARGA_ICC.AQ\nPAPALLAC23ALI_A_N_Q.LINEA_ICC.AQ\nPAPALLAC23ALI_A_N_P.LINEA_ICC.AQ\nPAPALLAC23TR1_V.BARRA_TRAF_ICC.AQ\nPAPALLAC138EPMAPS_I.LINEA-A_ICC.AQ\nPAPALLAC138BAR_BAR_V.BARRA_LINE_ICC.AQ\nPAPALLAC_TR1-138-23-_I.TRAFO-C_ICC.AQ\nPAPALLAC_TR1-138-23-_I.TRAFO-A_ICC.AQ\nPAPALLAC23TR1_SC.BAR189-11_ICC.SQ\nPAPALLAC23TR1_SC.TIE189-E11_ICC.SQ\nPAPALLAC23ALI_B_N_ALA.SOBREC.F_NT_ICC.EQ\nPAPALLAC23TR1_IT.TRA152-1_ICC.EQ\nPAPALLAC23TR1_ALA.SOBRECO.PRI_ICC.EQ\nPAPALLAC23ALI_A_N_ALA.SOBRECO.SEC_ICC.EQ\nPAPALLAC_TR1-138-23-_ALA.BUCHHOL_ICC.EQ\nPAPALLAC_TR1-138-23-_ALA.SOBREP._ICC.EQ\nPAPALLAC_TR1-138-23-_AL.SOBR.ACE_ICC.EQ\nPAPALLAC23ALI_A_N_IT.LIN152-A_ICC.EQ\nPAPALLAC23ALI_B_N_IT.ALI152-B_ICC.EQ\nPAPALLAC138EPMAPS_SC.TIE89-E11_ICC.SQ\nPAPALLAC23ALI_B_N_ALA.SOBRECO.SEC_ICC.EQ\nPAPALLAC23ALI_A_N_ALA.SOBRECO.PRI_ICC.EQ\nPAPALLAC_TR1-138-23-_ALA.PRO.DIF_ICC.EQ\nPAPALLAC_TR1-138-23-_ALA.SOBRET._ICC.EQ\nPAPALLAC23TR1_ALA.FAL.INTERRU_ICC.EQ\nPAPALLAC23ALI_A_N_ALA.FAL.INTERRU_ICC.EQ\nPAPALLAC23ALI_B_N_ALA.FAL.INTERRU_ICC.EQ\nPAPALLAC23ALI_B_N_ALA.SOBRECO.PRI_ICC.EQ\nPAPALLAC23TR1_ALA.SBC.DIR.F_N_ICC.EQ\nPAPALLAC23TR1_ALA.SBC.DIR.PRI_ICC.EQ\nPAPALLAC23TR1_ALA.SOBREC.F_NT_ICC.EQ\nPAPALLAC_TR1-138-23-_ALA.TRA.PRI_ICC.EQ\nPAPALLAC138EPMAPS_ALA.SOBREC.F_NT_ICC.EQ\nPAPALLAC138EPMAPS_ALA.SOBRECO.SEC_ICC.EQ\nPAPALLAC138EPMAPS_ALA.SBC.DIR.PRI_ICC.EQ\nPAPALLAC138EPMAPS_IT.LIN52-1_ICC.EQ\nPAPALLAC138EPMAPS_ALA.SOBRECO.PRI_ICC.EQ\nPAPALLAC138EPMAPS_ALA.SBC.DIR.F_N_ICC.EQ\nPAPALLAC138EPMAPS_SC.LIN89-11_ICC.SQ\nPAPALLAC23ALI_A_N_ALA.SOBREC.F_NT_ICC.EQ'
Arguments: ()

[E.E. QUITO] [PAPALLAC] Tags no encontradas: 
PAPALLAC138EPMAPS_I.LINEA-C_ICC.AQ
PAPALLAC_TR1-138-23-_I.TRAFO-B_ICC.AQ
PAPALLAC_TR1-138-23-_LTC.23_ICC.AQ
PAPALLAC138EPMAPS_I.LINEA-B_ICC.AQ
PAPALLAC23ALI_B_N_Q.CARGA_ICC.AQ
PAPALLAC23ALI_B_N_P.CARGA_ICC.AQ
PAPALLAC23ALI_A_N_Q.LINEA_ICC.AQ
PAPALLAC23ALI_A_N_P.LINEA_ICC.AQ
PAPALLAC23TR1_V.BARRA_TRAF_ICC.AQ
PAPALLAC138EPMAPS_I.LINEA-A_ICC.AQ
PAPALLAC138BAR_BAR_V.BARRA_LINE_ICC.AQ
PAPALLAC_TR1-138-23-_I.TRAFO-C_ICC.AQ
PAPALLAC_TR1-138-23-_I.TRAFO-A_ICC.AQ
PAPALLAC23TR1_SC.BAR189-11_ICC.SQ
PAPALLAC23TR1_SC.TIE189-E11_ICC.SQ
PAPALLAC23ALI_B_N_ALA.SOBREC.F_NT_ICC.EQ
PAPALLAC23TR1_IT.TRA152-1_ICC.EQ
PAPALLAC23TR1_ALA.SOBRECO.PRI_ICC.EQ
PAPALLAC23ALI_A_N_ALA.SOBRECO.SEC_ICC.EQ
PAPALLAC_TR1-138-23-_ALA.BUCHHOL_ICC.EQ
PAPALLAC_TR1-138-23-_ALA.SOBREP._ICC.EQ
PAPALLAC_TR1-138-23-_AL.SOBR.ACE_ICC.EQ
PAPALLAC23ALI_A_N_IT.LIN152-A_ICC.EQ
PAPALLAC23ALI_B_N_IT.ALI152-B_ICC.EQ
PAPALLAC138EPMAPS_SC.TIE89-E11_ICC.SQ
PAPALLAC23ALI_B_N_ALA.SOBRECO.SEC_ICC.EQ
PAPALLAC23ALI_A_N_ALA.SOBRECO.PRI_ICC.EQ
PAPALLAC_TR1-138-23-_ALA.PRO.DIF_ICC.EQ
PAPALLAC_TR1-138-23-_ALA.SOBRET._ICC.EQ
PAPALLAC23TR1_ALA.FAL.INTERRU_ICC.EQ
PAPALLAC23ALI_A_N_ALA.FAL.INTERRU_ICC.EQ
PAPALLAC23ALI_B_N_ALA.FAL.INTERRU_ICC.EQ
PAPALLAC23ALI_B_N_ALA.SOBRECO.PRI_ICC.EQ
PAPALLAC23TR1_ALA.SBC.DIR.F_N_ICC.EQ
PAPALLAC23TR1_ALA.SBC.DIR.PRI_ICC.EQ
PAPALLAC23TR1_ALA.SOBREC.F_NT_ICC.EQ
PAPALLAC_TR1-138-23-_ALA.TRA.PRI_ICC.EQ
PAPALLAC138EPMAPS_ALA.SOBREC.F_NT_ICC.EQ
PAPALLAC138EPMAPS_ALA.SOBRECO.SEC_ICC.EQ
PAPALLAC138EPMAPS_ALA.SBC.DIR.PRI_ICC.EQ
PAPALLAC138EPMAPS_IT.LIN52-1_ICC.EQ
PAPALLAC138EPMAPS_ALA.SOBRECO.PRI_ICC.EQ
PAPALLAC138EPMAPS_ALA.SBC.DIR.F_N_ICC.EQ
PAPALLAC138EPMAPS_SC.LIN89-11_ICC.SQ
PAPALLAC23ALI_A_N_ALA.SOBREC.F_NT_ICC.EQ
Proc. UTRs [E.E. QUITO]                 :  70%|███████████████▍      | 7/10 [00:03<00:01,  1.53it/s]--- Logging error ---
Traceback (most recent call last):
  File "C:\ProgramData\Anaconda3\lib\logging\handlers.py", line 72, in emit
    self.doRollover()
  File "C:\ProgramData\Anaconda3\lib\logging\handlers.py", line 173, in doRollover
    self.rotate(self.baseFilename, dfn)
  File "C:\ProgramData\Anaconda3\lib\logging\handlers.py", line 113, in rotate
    os.rename(source, dest)
PermissionError: [WinError 32] El proceso no tiene acceso al archivo porque está siendo utilizado por otro proceso: 'E:\\proyectos\\Disponibilidad\\logs\\Report.log' -> 'E:\\proyectos\\Disponibilidad\\logs\\Report.log.1'
Call stack:
  File "C:\Program Files\JetBrains\PyCharm Community Edition 2019.3.1\plugins\python-ce\helpers\pydev\pydevd.py", line 2127, in <module>
    main()
  File "C:\Program Files\JetBrains\PyCharm Community Edition 2019.3.1\plugins\python-ce\helpers\pydev\pydevd.py", line 2118, in main
    globals = debugger.run(setup['file'], None, None, is_module)
  File "C:\Program Files\JetBrains\PyCharm Community Edition 2019.3.1\plugins\python-ce\helpers\pydev\pydevd.py", line 1427, in run
    return self._exec(is_module, entry_point_fn, module_name, file, globals, locals)
  File "C:\Program Files\JetBrains\PyCharm Community Edition 2019.3.1\plugins\python-ce\helpers\pydev\pydevd.py", line 1434, in _exec
    pydev_imports.execfile(file, globals, locals)  # execute the script
  File "C:\Program Files\JetBrains\PyCharm Community Edition 2019.3.1\plugins\python-ce\helpers\pydev\_pydev_imps\_pydev_execfile.py", line 18, in execfile
    exec(compile(contents+"\n", file, 'exec'), glob, loc)
  File "E:\proyectos\Disponibilidad\motor\node_scripts\eng_sRnode.py", line 494, in <module>
    success, node_report, msg = processing_node(args.nombre, args.fecha_ini, args.fecha_fin, args.save, args.force)
  File "E:\proyectos\Disponibilidad\motor\node_scripts\eng_sRnode.py", line 329, in processing_node
    lg.warning(warn)
Message: '\n[E.E. QUITO] [C_CUMBAY] Tags no encontradas: \nC_CUMBAY46BAR_U4_V.BARRA_DNP.AQ\nC_CUMBAY46BAR_U1_V.BARRA_DNP.AQ\nC_CUMBAY_NIVELAGUAENRESERVORI_DNP.AQ\nC_CUMBAY46BAR_U2_V.BARRA_DNP.AQ\nC_CUMBAY46BAR_U3_V.BARRA_DNP.AQ\nC_CUMBAY4.16U2_HI_ALA.FAL.MECANI._DNP.EQ\nC_CUMBAY4.16U2_HI_ALA.FAL.ELECTR._DNP.EQ\nC_CUMBAY4.16U1_HI_ALA.FAL.ELECTR._DNP.EQ\nC_CUMBAY4.16U1_HI_ALA.FAL.ELE+MEC_DNP.EQ\nC_CUMBAY4.16U4_HI_ALA.FAL.ELECTR._DNP.EQ\nC_CUMBAY4.16U3_SC.BAR-H33_DNP.SQ\nC_CUMBAY4.16U4_HI_ALA.FAL.MECANI._DNP.EQ\nC_CUMBAY4.16U4_HI_ALA.PAR.MA_DNP.EQ\nRTU_69_24RTUFAILED.SQ\nC_CUMBAY4.16U3_HI_ALA.PAR.MA_DNP.EQ\nC_CUMBAY4.16U4_SC.BAR-H43_DNP.SQ\nC_CUMBAY4.16U3_HI_ALA.FAL.ELE+MEC_DNP.EQ\nC_CUMBAY4.16U1_HI_ALA.PAR.MA_DNP.EQ\nC_CUMBAY4.16U3_HI_ALA.FAL.ELECTR._DNP.EQ\nC_CUMBAY4.16U3_HI_ALA.FAL.MECANI._DNP.EQ\nC_CUMBAY4.16U1_SC.BAR-H13_DNP.SQ\nC_CUMBAY4.16U2_HI_ALA.PAR.MA_DNP.EQ\nC_CUMBAY4.16U2_HI_ALA.FAL.ELE+MEC_DNP.EQ\nC_CUMBAY4.16U1_HI_ALA.FAL.MECANI._DNP.EQ\nC_CUMBAY4.16U2_SC.BAR-H23_DNP.SQ\nC_CUMBAY4.16U4_HI_ALA.FAL.ELE+MEC_DNP.EQ'
Arguments: ()

[E.E. QUITO] [C_CUMBAY] Tags no encontradas: 
C_CUMBAY46BAR_U4_V.BARRA_DNP.AQ
C_CUMBAY46BAR_U1_V.BARRA_DNP.AQ
C_CUMBAY_NIVELAGUAENRESERVORI_DNP.AQ
C_CUMBAY46BAR_U2_V.BARRA_DNP.AQ
C_CUMBAY46BAR_U3_V.BARRA_DNP.AQ
C_CUMBAY4.16U2_HI_ALA.FAL.MECANI._DNP.EQ
C_CUMBAY4.16U2_HI_ALA.FAL.ELECTR._DNP.EQ
C_CUMBAY4.16U1_HI_ALA.FAL.ELECTR._DNP.EQ
C_CUMBAY4.16U1_HI_ALA.FAL.ELE+MEC_DNP.EQ
C_CUMBAY4.16U4_HI_ALA.FAL.ELECTR._DNP.EQ
C_CUMBAY4.16U3_SC.BAR-H33_DNP.SQ
C_CUMBAY4.16U4_HI_ALA.FAL.MECANI._DNP.EQ
C_CUMBAY4.16U4_HI_ALA.PAR.MA_DNP.EQ
RTU_69_24RTUFAILED.SQ
C_CUMBAY4.16U3_HI_ALA.PAR.MA_DNP.EQ
C_CUMBAY4.16U4_SC.BAR-H43_DNP.SQ
C_CUMBAY4.16U3_HI_ALA.FAL.ELE+MEC_DNP.EQ
C_CUMBAY4.16U1_HI_ALA.PAR.MA_DNP.EQ
C_CUMBAY4.16U3_HI_ALA.FAL.ELECTR._DNP.EQ
C_CUMBAY4.16U3_HI_ALA.FAL.MECANI._DNP.EQ
C_CUMBAY4.16U1_SC.BAR-H13_DNP.SQ
C_CUMBAY4.16U2_HI_ALA.PAR.MA_DNP.EQ
C_CUMBAY4.16U2_HI_ALA.FAL.ELE+MEC_DNP.EQ
C_CUMBAY4.16U1_HI_ALA.FAL.MECANI._DNP.EQ
C_CUMBAY4.16U2_SC.BAR-H23_DNP.SQ
C_CUMBAY4.16U4_HI_ALA.FAL.ELE+MEC_DNP.EQ
Proc. UTRs [E.E. QUITO]                 :  80%|█████████████████▌    | 8/10 [00:04<00:01,  1.72it/s]--- Logging error ---
Traceback (most recent call last):
  File "C:\ProgramData\Anaconda3\lib\logging\handlers.py", line 72, in emit
    self.doRollover()
  File "C:\ProgramData\Anaconda3\lib\logging\handlers.py", line 173, in doRollover
    self.rotate(self.baseFilename, dfn)
  File "C:\ProgramData\Anaconda3\lib\logging\handlers.py", line 113, in rotate
    os.rename(source, dest)
PermissionError: [WinError 32] El proceso no tiene acceso al archivo porque está siendo utilizado por otro proceso: 'E:\\proyectos\\Disponibilidad\\logs\\Report.log' -> 'E:\\proyectos\\Disponibilidad\\logs\\Report.log.1'
Call stack:
  File "C:\Program Files\JetBrains\PyCharm Community Edition 2019.3.1\plugins\python-ce\helpers\pydev\pydevd.py", line 2127, in <module>
    main()
  File "C:\Program Files\JetBrains\PyCharm Community Edition 2019.3.1\plugins\python-ce\helpers\pydev\pydevd.py", line 2118, in main
    globals = debugger.run(setup['file'], None, None, is_module)
  File "C:\Program Files\JetBrains\PyCharm Community Edition 2019.3.1\plugins\python-ce\helpers\pydev\pydevd.py", line 1427, in run
    return self._exec(is_module, entry_point_fn, module_name, file, globals, locals)
  File "C:\Program Files\JetBrains\PyCharm Community Edition 2019.3.1\plugins\python-ce\helpers\pydev\pydevd.py", line 1434, in _exec
    pydev_imports.execfile(file, globals, locals)  # execute the script
  File "C:\Program Files\JetBrains\PyCharm Community Edition 2019.3.1\plugins\python-ce\helpers\pydev\_pydev_imps\_pydev_execfile.py", line 18, in execfile
    exec(compile(contents+"\n", file, 'exec'), glob, loc)
  File "E:\proyectos\Disponibilidad\motor\node_scripts\eng_sRnode.py", line 494, in <module>
    success, node_report, msg = processing_node(args.nombre, args.fecha_ini, args.fecha_fin, args.save, args.force)
  File "E:\proyectos\Disponibilidad\motor\node_scripts\eng_sRnode.py", line 329, in processing_node
    lg.warning(warn)
Message: '\n[E.E. QUITO] [C_G_HERN] Tags no encontradas: \nC_G_HERN_TRF_D_SMD_M_8414_0_PRES._DNP.AQ\nC_G_HERN_TRF_D_SMD_M_8414_0_F_MAST_DNP.AQ\nC_G_HERN_CON_F_SMD_M_8415B_0_DENSID_DNP.AQ\nC_G_HERN_TRF_D_SMD_M_8414_0_DENSID_DNP.AQ\nC_G_HERN_TRF_D_SMD_M_8414_0_TEMP._DNP.AQ\nC_G_HERN_CON_F_SMD_M_8415C_0_F_VOLT_DNP.AQ\nC_G_HERN_ALM_D_SME_T_128B_0_VOL_15CDNP.AQ\nC_G_HERN_TRF_F_SMD_M_8413_0_F_VOLT_DNP.AQ\nC_G_HERN_CON_F_SMD_M_8415F_0_F_VOLT_DNP.AQ\nC_G_HERN_CON_F_SMD_M_8415A_0_F_MAST_DNP.AQ\nC_G_HERN_CON_F_SMD_M_8415B_0_PRES._DNP.AQ\nC_G_HERN_CON_F_SMD_M_8415A_0_F_VOLT_DNP.AQ\nC_G_HERN_ALM_D_SME_T_128B_0_NI_AGUA_DNP.AQ\nC_G_HERN_CON_F_SMD_M_8415B_0_F_VOLT_DNP.AQ\nC_G_HERN_TRF_F_SMD_M_8413_0_DENSID_DNP.AQ\nC_G_HERN_TRF_F_SMD_M_8413_0_F_MAS._DNP.AQ\nC_G_HERN_CON_F_SMD_M_8415B_0_F_MAST_DNP.AQ\nC_G_HERN_ALM_F_SME_T_127A_0_NI_AGUA_DNP.AQ\nC_G_HERN13.8BAR_A_HERTZ_DNP.AQ\nC_G_HERN13.8BAR_U5_V.BARRA_DNP.AQ\nC_G_HERN_T1-46-13.-_P.TRA13._DNP.AQ\nC_G_HERN_REC_D_SMD_M_8412B_0_F_MAST_DNP.AQ\nC_G_HERN_CON_F_SMD_M_8415D_0_TEMP._DNP.AQ\nC_G_HERN_REC_F_SMD_M_8411A_0_F_VOLT_DNP.AQ\nC_G_HERN_REC_D_SMD_M_8412B_0_F_MAS._DNP.AQ\nC_G_HERN_ALM_F_SME_T_127B_0_TEMP_CO_DNP.AQ\nC_G_HERN_ALM_F_SME_T_127B_0_NI_AGUA_DNP.AQ\nC_G_HERN_ALM_F_SME_T_127B_0_NI_COMB_DNP.AQ\nC_G_HERN_REC_D_SMD_M_8412B_0_M_FACT_DNP.AQ\nC_G_HERN_CON_F_SMD_M_8415A_0_PRES._DNP.AQ\nC_G_HERN_CON_F_SMD_M_8415F_0_M_FACT_DNP.AQ\nC_G_HERN_CON_F_SMD_M_8415A_0_M_FACT_DNP.AQ\nC_G_HERN_REC_F_SMD_M_8411A_0_F_MAST_DNP.AQ\nC_G_HERN_CON_F_SMD_M_8415B_0_F_VOL._DNP.AQ\nC_G_HERN_CON_F_SMD_M_8415B_0_M_FACT_DNP.AQ\nC_G_HERN_REC_D_SMD_M_8412B_0_PRES._DNP.AQ\nC_G_HERN_REC_F_SMD_M_8411B_0_F_VOLT_DNP.AQ\nC_G_HERN_CON_F_SMD_M_8415C_0_F_MAS._DNP.AQ\nC_G_HERN_CON_F_SMD_M_8415F_0_F_VOL._DNP.AQ\nC_G_HERN_CON_F_SMD_M_8415C_0_F_VOL._DNP.AQ\nC_G_HERN_CON_F_SMD_M_8415C_0_M_FACT_DNP.AQ\nC_G_HERN_CON_F_SMD_M_8415D_0_M_FACT_DNP.AQ\nC_G_HERN_CON_F_SMD_M_8415E_0_M_FACT_DNP.AQ\nC_G_HERN_CON_F_SMD_M_8415A_0_DENSID_DNP.AQ\nC_G_HERN_REC_F_SMD_M_8411B_0_F_VOL._DNP.AQ\nC_G_HERN_REC_D_SMD_M_8412B_0_F_VOL._DNP.AQ\nC_G_HERN_TRF_F_SMD_M_8413_0_F_VOL._DNP.AQ\nC_G_HERN_TRF_F_SMD_M_8413_0_F_MAST_DNP.AQ\nC_G_HERN_REC_D_SMD_M_8412B_0_F_VOLT_DNP.AQ\nC_G_HERN_CON_F_SMD_M_8415E_0_PRES._DNP.AQ\nC_G_HERN_CON_F_SMD_M_8415F_0_PRES._DNP.AQ\nC_G_HERN_REC_F_SMD_M_8411B_0_DENSID_DNP.AQ\nC_G_HERN_REC_F_SMD_M_8411B_0_TEMP._DNP.AQ\nC_G_HERN_REC_D_SMD_M_8412B_0_TEMP._DNP.AQ\nC_G_HERN_CON_F_SMD_M_8415E_0_F_VOL._DNP.AQ\nC_G_HERN_REC_F_SMD_M_8411B_0_F_MAS._DNP.AQ\nC_G_HERN_TRF_F_SMD_M_8413_0_TEMP._DNP.AQ\nC_G_HERN_REC_F_SMD_M_8411A_0_TEMP._DNP.AQ\nC_G_HERN_REC_F_SMD_M_8411A_0_F_MAS._DNP.AQ\nC_G_HERN_REC_F_SMD_M_8411A_0_F_VOL._DNP.AQ\nC_G_HERN_REC_F_SMD_M_8411A_0_DENSID_DNP.AQ\nC_G_HERN_TRF_D_SMD_M_8414_0_F_MAS._DNP.AQ\nC_G_HERN_CON_F_SMD_M_8415A_0_F_MAS._DNP.AQ\nC_G_HERN_ALM_F_SME_T_127A_0_VOL_15CDNP.AQ\nC_G_HERN_TRF_D_SMD_M_8414_0_M_FACT_DNP.AQ\nC_G_HERN_T1-46-13.-_Q.TRA13._DNP.AQ\nC_G_HERN_REC_F_SMD_M_8411B_0_F_MAST_DNP.AQ\nC_G_HERN_REC_F_SMD_M_8411B_0_M_FACT_DNP.AQ\nC_G_HERN_ALM_F_SME_T_127B_0_VOL_15CDNP.AQ\nC_G_HERN_ALM_D_SME_T_128B_0_TEMP_CO_DNP.AQ\nC_G_HERN_CON_F_SMD_M_8415E_0_DENSID_DNP.AQ\nC_G_HERN_CON_F_SMD_M_8415F_0_DENSID_DNP.AQ\nC_G_HERN_CON_F_SMD_M_8415F_0_TEMP._DNP.AQ\nC_G_HERN_CON_F_SMD_M_8415A_0_TEMP._DNP.AQ\nC_G_HERN_CON_F_SMD_M_8415D_0_F_MAS._DNP.AQ\nC_G_HERN13.8BAR_U6_V.BARRA_DNP.AQ\nC_G_HERN13.8BAR_U2_V.BARRA_DNP.AQ\nC_G_HERN_REC_F_SMD_M_8411A_0_M_FACT_DNP.AQ\nC_G_HERN_REC_F_SMD_M_8411B_0_PRES._DNP.AQ\nC_G_HERN_CON_F_SMD_M_8415D_0_F_VOL._DNP.AQ\nC_G_HERN_ALM_F_SME_T_127A_0_TEMP_CO_DNP.AQ\nC_G_HERN13.8BAR_B_V.BARRA_DNP.AQ\nC_G_HERN13.8BAR_B_HERTZ_DNP.AQ\nC_G_HERN_CON_F_SMD_M_8415F_0_F_MAS._DNP.AQ\nC_G_HERN_CON_F_SMD_M_8415D_0_F_MAST_DNP.AQ\nC_G_HERN_CON_F_SMD_M_8415E_0_F_MAST_DNP.AQ\nC_G_HERN_CON_F_SMD_M_8415F_0_F_MAST_DNP.AQ\nC_G_HERN_CON_F_SMD_M_8415C_0_DENSID_DNP.AQ\nC_G_HERN13.8T1_V.TRAFO_DNP.AQ\nC_G_HERN_ALM_F_SME_T_127A_0_NI_COMB_DNP.AQ\nC_G_HERN_TRF_F_SMD_M_8413_0_M_FACT_DNP.AQ\nC_G_HERN_CON_F_SMD_M_8415D_0_DENSID_DNP.AQ\nC_G_HERN13.8BAR_U4_V.BARRA_DNP.AQ\nC_G_HERN_TRF_F_SMD_M_8413_0_PRES._DNP.AQ\nC_G_HERN13.8BAR_A_V.BARRA_DNP.AQ\nC_G_HERN_CON_F_SMD_M_8415B_0_F_MAS._DNP.AQ\nC_G_HERN_CON_F_SMD_M_8415C_0_TEMP._DNP.AQ\nC_G_HERN13.8BAR_U1_V.BARRA_DNP.AQ\nC_G_HERN_TRF_D_SMD_M_8414_0_F_VOLT_DNP.AQ\nC_G_HERN_TRF_D_SMD_M_8414_0_F_VOL._DNP.AQ\nC_G_HERN_CON_F_SMD_M_8415B_0_TEMP._DNP.AQ\nC_G_HERN_CON_F_SMD_M_8415A_0_F_VOL._DNP.AQ\nC_G_HERN_CON_F_SMD_M_8415C_0_F_MAST_DNP.AQ\nC_G_HERN_REC_F_SMD_M_8411A_0_PRES._DNP.AQ\nC_G_HERN_CON_F_SMD_M_8415C_0_PRES._DNP.AQ\nC_G_HERN_CON_F_SMD_M_8415D_0_PRES._DNP.AQ\nC_G_HERN_CON_F_SMD_M_8415D_0_F_VOLT_DNP.AQ\nC_G_HERN_CON_F_SMD_M_8415E_0_F_VOLT_DNP.AQ\nC_G_HERN13.8BAR_U3_V.BARRA_DNP.AQ\nC_G_HERN_ALM_D_SME_T_128B_0_NI_COMB_DNP.AQ\nC_G_HERN_CON_F_SMD_M_8415E_0_F_MAS._DNP.AQ\nC_G_HERN_REC_D_SMD_M_8412B_0_DENSID_DNP.AQ\nC_G_HERN_CON_F_SMD_M_8415E_0_TEMP._DNP.AQ\nC_G_HERN13.8U5_TE_ALA.FAL.MECANI._DNP.EQ\nC_G_HERN_U5841-5EVLV._DNP.EQ\nC_G_HERN_U1841-5AVLV._DNP.EQ\nRTU_61_31RTUFAILED.SQ\nC_G_HERN_T1-46-13.-_ALA.BUCHHOL_DNP.EQ\nC_G_HERN13.8U1_TE_ALA.FAL.ELECTR._DNP.EQ\nC_G_HERN_T1-46-13.-_ALA.PRO.DIF_DNP.EQ\nC_G_HERN_U4841-5DVLV._DNP.EQ\nC_G_HERN_U3841-5CVLV._DNP.EQ\nC_G_HERN13.8U3_TE_ALA.PARO.MANUAL_DNP.EQ\nC_G_HERN13.8U4_TE_ALA.FAL.ELECTR._DNP.EQ\nC_G_HERN13.8U5_TE_ALA.FAL.ELECTR._DNP.EQ\nC_G_HERN13.8U2_TE_ALA.PARO.MANUAL_DNP.EQ\nC_G_HERN13.8U4_TE_ALA.FAL.MECANI._DNP.EQ\nC_G_HERN13.8U6_TE_ALA.FAL.ELECTR._DNP.EQ\nC_G_HERN_U2841-5BVLV._DNP.EQ\nC_G_HERN13.8U3_TE_ALA.FAL.MECANI._DNP.EQ\nC_G_HERN13.8U2_TE_ALA.FAL.ELECTR._DNP.EQ\nC_G_HERN13.8U1_TE_ALA.PARO.MANUAL_DNP.EQ\nC_G_HERN46T1_SC.LIN89-H13_DNP.SQ\nC_G_HERN13.8U4_TE_ALA.PARO.MANUAL_DNP.EQ\nC_G_HERN13.8U3_TE_ALA.FAL.ELECTR._DNP.EQ\nC_G_HERN13.8U6_TE_ALA.PARO.MANUAL_DNP.EQ\nC_G_HERN_U6841-5FVLV._DNP.EQ\nC_G_HERN13.8U5_TE_ALA.PARO.MANUAL_DNP.EQ\nC_G_HERN13.8U1_TE_ALA.FAL.MECANI._DNP.EQ\nC_G_HERN13.8U2_TE_ALA.FAL.MECANI._DNP.EQ\nC_G_HERN13.8U6_TE_ALA.FAL.MECANI._DNP.EQ'
Arguments: ()

[E.E. QUITO] [C_G_HERN] Tags no encontradas: 
C_G_HERN_TRF_D_SMD_M_8414_0_PRES._DNP.AQ
C_G_HERN_TRF_D_SMD_M_8414_0_F_MAST_DNP.AQ
C_G_HERN_CON_F_SMD_M_8415B_0_DENSID_DNP.AQ
C_G_HERN_TRF_D_SMD_M_8414_0_DENSID_DNP.AQ
C_G_HERN_TRF_D_SMD_M_8414_0_TEMP._DNP.AQ
C_G_HERN_CON_F_SMD_M_8415C_0_F_VOLT_DNP.AQ
C_G_HERN_ALM_D_SME_T_128B_0_VOL_15CDNP.AQ
C_G_HERN_TRF_F_SMD_M_8413_0_F_VOLT_DNP.AQ
C_G_HERN_CON_F_SMD_M_8415F_0_F_VOLT_DNP.AQ
C_G_HERN_CON_F_SMD_M_8415A_0_F_MAST_DNP.AQ
C_G_HERN_CON_F_SMD_M_8415B_0_PRES._DNP.AQ
C_G_HERN_CON_F_SMD_M_8415A_0_F_VOLT_DNP.AQ
C_G_HERN_ALM_D_SME_T_128B_0_NI_AGUA_DNP.AQ
C_G_HERN_CON_F_SMD_M_8415B_0_F_VOLT_DNP.AQ
C_G_HERN_TRF_F_SMD_M_8413_0_DENSID_DNP.AQ
C_G_HERN_TRF_F_SMD_M_8413_0_F_MAS._DNP.AQ
C_G_HERN_CON_F_SMD_M_8415B_0_F_MAST_DNP.AQ
C_G_HERN_ALM_F_SME_T_127A_0_NI_AGUA_DNP.AQ
C_G_HERN13.8BAR_A_HERTZ_DNP.AQ
C_G_HERN13.8BAR_U5_V.BARRA_DNP.AQ
C_G_HERN_T1-46-13.-_P.TRA13._DNP.AQ
C_G_HERN_REC_D_SMD_M_8412B_0_F_MAST_DNP.AQ
C_G_HERN_CON_F_SMD_M_8415D_0_TEMP._DNP.AQ
C_G_HERN_REC_F_SMD_M_8411A_0_F_VOLT_DNP.AQ
C_G_HERN_REC_D_SMD_M_8412B_0_F_MAS._DNP.AQ
C_G_HERN_ALM_F_SME_T_127B_0_TEMP_CO_DNP.AQ
C_G_HERN_ALM_F_SME_T_127B_0_NI_AGUA_DNP.AQ
C_G_HERN_ALM_F_SME_T_127B_0_NI_COMB_DNP.AQ
C_G_HERN_REC_D_SMD_M_8412B_0_M_FACT_DNP.AQ
C_G_HERN_CON_F_SMD_M_8415A_0_PRES._DNP.AQ
C_G_HERN_CON_F_SMD_M_8415F_0_M_FACT_DNP.AQ
C_G_HERN_CON_F_SMD_M_8415A_0_M_FACT_DNP.AQ
C_G_HERN_REC_F_SMD_M_8411A_0_F_MAST_DNP.AQ
C_G_HERN_CON_F_SMD_M_8415B_0_F_VOL._DNP.AQ
C_G_HERN_CON_F_SMD_M_8415B_0_M_FACT_DNP.AQ
C_G_HERN_REC_D_SMD_M_8412B_0_PRES._DNP.AQ
C_G_HERN_REC_F_SMD_M_8411B_0_F_VOLT_DNP.AQ
C_G_HERN_CON_F_SMD_M_8415C_0_F_MAS._DNP.AQ
C_G_HERN_CON_F_SMD_M_8415F_0_F_VOL._DNP.AQ
C_G_HERN_CON_F_SMD_M_8415C_0_F_VOL._DNP.AQ
C_G_HERN_CON_F_SMD_M_8415C_0_M_FACT_DNP.AQ
C_G_HERN_CON_F_SMD_M_8415D_0_M_FACT_DNP.AQ
C_G_HERN_CON_F_SMD_M_8415E_0_M_FACT_DNP.AQ
C_G_HERN_CON_F_SMD_M_8415A_0_DENSID_DNP.AQ
C_G_HERN_REC_F_SMD_M_8411B_0_F_VOL._DNP.AQ
C_G_HERN_REC_D_SMD_M_8412B_0_F_VOL._DNP.AQ
C_G_HERN_TRF_F_SMD_M_8413_0_F_VOL._DNP.AQ
C_G_HERN_TRF_F_SMD_M_8413_0_F_MAST_DNP.AQ
C_G_HERN_REC_D_SMD_M_8412B_0_F_VOLT_DNP.AQ
C_G_HERN_CON_F_SMD_M_8415E_0_PRES._DNP.AQ
C_G_HERN_CON_F_SMD_M_8415F_0_PRES._DNP.AQ
C_G_HERN_REC_F_SMD_M_8411B_0_DENSID_DNP.AQ
C_G_HERN_REC_F_SMD_M_8411B_0_TEMP._DNP.AQ
C_G_HERN_REC_D_SMD_M_8412B_0_TEMP._DNP.AQ
C_G_HERN_CON_F_SMD_M_8415E_0_F_VOL._DNP.AQ
C_G_HERN_REC_F_SMD_M_8411B_0_F_MAS._DNP.AQ
C_G_HERN_TRF_F_SMD_M_8413_0_TEMP._DNP.AQ
C_G_HERN_REC_F_SMD_M_8411A_0_TEMP._DNP.AQ
C_G_HERN_REC_F_SMD_M_8411A_0_F_MAS._DNP.AQ
C_G_HERN_REC_F_SMD_M_8411A_0_F_VOL._DNP.AQ
C_G_HERN_REC_F_SMD_M_8411A_0_DENSID_DNP.AQ
C_G_HERN_TRF_D_SMD_M_8414_0_F_MAS._DNP.AQ
C_G_HERN_CON_F_SMD_M_8415A_0_F_MAS._DNP.AQ
C_G_HERN_ALM_F_SME_T_127A_0_VOL_15CDNP.AQ
C_G_HERN_TRF_D_SMD_M_8414_0_M_FACT_DNP.AQ
C_G_HERN_T1-46-13.-_Q.TRA13._DNP.AQ
C_G_HERN_REC_F_SMD_M_8411B_0_F_MAST_DNP.AQ
C_G_HERN_REC_F_SMD_M_8411B_0_M_FACT_DNP.AQ
C_G_HERN_ALM_F_SME_T_127B_0_VOL_15CDNP.AQ
C_G_HERN_ALM_D_SME_T_128B_0_TEMP_CO_DNP.AQ
C_G_HERN_CON_F_SMD_M_8415E_0_DENSID_DNP.AQ
C_G_HERN_CON_F_SMD_M_8415F_0_DENSID_DNP.AQ
C_G_HERN_CON_F_SMD_M_8415F_0_TEMP._DNP.AQ
C_G_HERN_CON_F_SMD_M_8415A_0_TEMP._DNP.AQ
C_G_HERN_CON_F_SMD_M_8415D_0_F_MAS._DNP.AQ
C_G_HERN13.8BAR_U6_V.BARRA_DNP.AQ
C_G_HERN13.8BAR_U2_V.BARRA_DNP.AQ
C_G_HERN_REC_F_SMD_M_8411A_0_M_FACT_DNP.AQ
C_G_HERN_REC_F_SMD_M_8411B_0_PRES._DNP.AQ
C_G_HERN_CON_F_SMD_M_8415D_0_F_VOL._DNP.AQ
C_G_HERN_ALM_F_SME_T_127A_0_TEMP_CO_DNP.AQ
C_G_HERN13.8BAR_B_V.BARRA_DNP.AQ
C_G_HERN13.8BAR_B_HERTZ_DNP.AQ
C_G_HERN_CON_F_SMD_M_8415F_0_F_MAS._DNP.AQ
C_G_HERN_CON_F_SMD_M_8415D_0_F_MAST_DNP.AQ
C_G_HERN_CON_F_SMD_M_8415E_0_F_MAST_DNP.AQ
C_G_HERN_CON_F_SMD_M_8415F_0_F_MAST_DNP.AQ
C_G_HERN_CON_F_SMD_M_8415C_0_DENSID_DNP.AQ
C_G_HERN13.8T1_V.TRAFO_DNP.AQ
C_G_HERN_ALM_F_SME_T_127A_0_NI_COMB_DNP.AQ
C_G_HERN_TRF_F_SMD_M_8413_0_M_FACT_DNP.AQ
C_G_HERN_CON_F_SMD_M_8415D_0_DENSID_DNP.AQ
C_G_HERN13.8BAR_U4_V.BARRA_DNP.AQ
C_G_HERN_TRF_F_SMD_M_8413_0_PRES._DNP.AQ
C_G_HERN13.8BAR_A_V.BARRA_DNP.AQ
C_G_HERN_CON_F_SMD_M_8415B_0_F_MAS._DNP.AQ
C_G_HERN_CON_F_SMD_M_8415C_0_TEMP._DNP.AQ
C_G_HERN13.8BAR_U1_V.BARRA_DNP.AQ
C_G_HERN_TRF_D_SMD_M_8414_0_F_VOLT_DNP.AQ
C_G_HERN_TRF_D_SMD_M_8414_0_F_VOL._DNP.AQ
C_G_HERN_CON_F_SMD_M_8415B_0_TEMP._DNP.AQ
C_G_HERN_CON_F_SMD_M_8415A_0_F_VOL._DNP.AQ
C_G_HERN_CON_F_SMD_M_8415C_0_F_MAST_DNP.AQ
C_G_HERN_REC_F_SMD_M_8411A_0_PRES._DNP.AQ
C_G_HERN_CON_F_SMD_M_8415C_0_PRES._DNP.AQ
C_G_HERN_CON_F_SMD_M_8415D_0_PRES._DNP.AQ
C_G_HERN_CON_F_SMD_M_8415D_0_F_VOLT_DNP.AQ
C_G_HERN_CON_F_SMD_M_8415E_0_F_VOLT_DNP.AQ
C_G_HERN13.8BAR_U3_V.BARRA_DNP.AQ
C_G_HERN_ALM_D_SME_T_128B_0_NI_COMB_DNP.AQ
C_G_HERN_CON_F_SMD_M_8415E_0_F_MAS._DNP.AQ
C_G_HERN_REC_D_SMD_M_8412B_0_DENSID_DNP.AQ
C_G_HERN_CON_F_SMD_M_8415E_0_TEMP._DNP.AQ
C_G_HERN13.8U5_TE_ALA.FAL.MECANI._DNP.EQ
C_G_HERN_U5841-5EVLV._DNP.EQ
C_G_HERN_U1841-5AVLV._DNP.EQ
RTU_61_31RTUFAILED.SQ
C_G_HERN_T1-46-13.-_ALA.BUCHHOL_DNP.EQ
C_G_HERN13.8U1_TE_ALA.FAL.ELECTR._DNP.EQ
C_G_HERN_T1-46-13.-_ALA.PRO.DIF_DNP.EQ
C_G_HERN_U4841-5DVLV._DNP.EQ
C_G_HERN_U3841-5CVLV._DNP.EQ
C_G_HERN13.8U3_TE_ALA.PARO.MANUAL_DNP.EQ
C_G_HERN13.8U4_TE_ALA.FAL.ELECTR._DNP.EQ
C_G_HERN13.8U5_TE_ALA.FAL.ELECTR._DNP.EQ
C_G_HERN13.8U2_TE_ALA.PARO.MANUAL_DNP.EQ
C_G_HERN13.8U4_TE_ALA.FAL.MECANI._DNP.EQ
C_G_HERN13.8U6_TE_ALA.FAL.ELECTR._DNP.EQ
C_G_HERN_U2841-5BVLV._DNP.EQ
C_G_HERN13.8U3_TE_ALA.FAL.MECANI._DNP.EQ
C_G_HERN13.8U2_TE_ALA.FAL.ELECTR._DNP.EQ
C_G_HERN13.8U1_TE_ALA.PARO.MANUAL_DNP.EQ
C_G_HERN46T1_SC.LIN89-H13_DNP.SQ
C_G_HERN13.8U4_TE_ALA.PARO.MANUAL_DNP.EQ
C_G_HERN13.8U3_TE_ALA.FAL.ELECTR._DNP.EQ
C_G_HERN13.8U6_TE_ALA.PARO.MANUAL_DNP.EQ
C_G_HERN_U6841-5FVLV._DNP.EQ
C_G_HERN13.8U5_TE_ALA.PARO.MANUAL_DNP.EQ
C_G_HERN13.8U1_TE_ALA.FAL.MECANI._DNP.EQ
C_G_HERN13.8U2_TE_ALA.FAL.MECANI._DNP.EQ
C_G_HERN13.8U6_TE_ALA.FAL.MECANI._DNP.EQ
Proc. UTRs [E.E. QUITO]                 :  90%|███████████████████▊  | 9/10 [00:10<00:02,  2.37s/it]--- Logging error ---
Traceback (most recent call last):
  File "C:\ProgramData\Anaconda3\lib\logging\handlers.py", line 72, in emit
    self.doRollover()
  File "C:\ProgramData\Anaconda3\lib\logging\handlers.py", line 173, in doRollover
    self.rotate(self.baseFilename, dfn)
  File "C:\ProgramData\Anaconda3\lib\logging\handlers.py", line 113, in rotate
    os.rename(source, dest)
PermissionError: [WinError 32] El proceso no tiene acceso al archivo porque está siendo utilizado por otro proceso: 'E:\\proyectos\\Disponibilidad\\logs\\Report.log' -> 'E:\\proyectos\\Disponibilidad\\logs\\Report.log.1'
Call stack:
  File "C:\Program Files\JetBrains\PyCharm Community Edition 2019.3.1\plugins\python-ce\helpers\pydev\pydevd.py", line 2127, in <module>
    main()
  File "C:\Program Files\JetBrains\PyCharm Community Edition 2019.3.1\plugins\python-ce\helpers\pydev\pydevd.py", line 2118, in main
    globals = debugger.run(setup['file'], None, None, is_module)
  File "C:\Program Files\JetBrains\PyCharm Community Edition 2019.3.1\plugins\python-ce\helpers\pydev\pydevd.py", line 1427, in run
    return self._exec(is_module, entry_point_fn, module_name, file, globals, locals)
  File "C:\Program Files\JetBrains\PyCharm Community Edition 2019.3.1\plugins\python-ce\helpers\pydev\pydevd.py", line 1434, in _exec
    pydev_imports.execfile(file, globals, locals)  # execute the script
  File "C:\Program Files\JetBrains\PyCharm Community Edition 2019.3.1\plugins\python-ce\helpers\pydev\_pydev_imps\_pydev_execfile.py", line 18, in execfile
    exec(compile(contents+"\n", file, 'exec'), glob, loc)
  File "E:\proyectos\Disponibilidad\motor\node_scripts\eng_sRnode.py", line 494, in <module>
    success, node_report, msg = processing_node(args.nombre, args.fecha_ini, args.fecha_fin, args.save, args.force)
  File "E:\proyectos\Disponibilidad\motor\node_scripts\eng_sRnode.py", line 329, in processing_node
    lg.warning(warn)
Message: '\n[E.E. QUITO] [C_GUANG2] Tags no encontradas: \nC_GUANG2_ALM_F_SME_TK_130_0_TEMP_CO_DNP.AQ\nC_GUANG2_CON_D_SMD_OUT_PRES._DNP.AQ\nC_GUANG2_CON_F_SMD_IN_DENSID_DNP.AQ\nC_GUANG2_CON_F_SMD_OUT_F_VOL._DNP.AQ\nC_GUANG2_CON_F_SMD_OUT_M_FACT_DNP.AQ\nC_GUANG2_CON_F_SMD_OUT_F_VOLT_DNP.AQ\nC_GUANG213.8BAR_U6_V.BARRA_DNP.AQ\nC_GUANG2_CON_D_SMD_OUT_F_VOL._DNP.AQ\nC_GUANG2_CON_D_SMD_OUT_F_VOLT_DNP.AQ\nC_GUANG2_CON_D_SMD_OUT_M_FACT_DNP.AQ\nC_GUANG2_CON_D_SMD_OUT_TEMP._DNP.AQ\nC_GUANG2_CON_D_SMD_OUT_F_MAS._DNP.AQ\nC_GUANG2_TRF_F_SMD_M_108_0_F_MAS._DNP.AQ\nC_GUANG2_TRF_F_SMD_M_108_0_F_VOL._DNP.AQ\nC_GUANG2_CON_D_SMD_IN_DENSID_DNP.AQ\nC_GUANG2_CON_F_SMD_IN_F_VOLT_DNP.AQ\nC_GUANG2_REC_F_SMD_M_106_0_F_MAS._DNP.AQ\nC_GUANG2_REC_F_SMD_M_107_0_F_MAST_DNP.AQ\nC_GUANG2_TRF_D_SMD_M_109_0_F_VOLT_DNP.AQ\nC_GUANG2_REC_F_SMD_M_106_0_TEMP._DNP.AQ\nC_GUANG2_REC_F_SMD_M_106_0_F_VOLT_DNP.AQ\nC_GUANG2_REC_F_SMD_M_107_0_DENSID_DNP.AQ\nC_GUANG2_REC_F_SMD_M_106_0_PRES._DNP.AQ\nC_GUANG2_TRF_F_SMD_M_108_0_PRES._DNP.AQ\nC_GUANG2_TRF_F_SMD_M_108_0_TEMP._DNP.AQ\nC_GUANG2_TRF_F_SMD_M_108_0_F_VOLT_DNP.AQ\nC_GUANG2_REC_F_SMD_M_107_0_F_MAS._DNP.AQ\nC_GUANG2_REC_F_SMD_M_107_0_F_VOL._DNP.AQ\nC_GUANG2_REC_F_SMD_M_106_0_DENSID_DNP.AQ\nC_GUANG2_CON_F_SMD_IN_M_FACT_DNP.AQ\nC_GUANG2_REC_F_SMD_M_106_0_F_VOL._DNP.AQ\nC_GUANG2_REC_F_SMD_M_106_0_F_MAST_DNP.AQ\nC_GUANG2_REC_F_SMD_M_107_0_M_FACT_DNP.AQ\nC_GUANG2_ALM_F_SME_TK_130_0_NI_AGUA_DNP.AQ\nC_GUANG2_REC_F_SMD_M_106_0_M_FACT_DNP.AQ\nC_GUANG2_TRF_F_SMD_M_108_0_M_FACT_DNP.AQ\nC_GUANG2_REC_F_SMD_M_107_0_PRES._DNP.AQ\nC_GUANG2_CON_F_SMD_OUT_PRES._DNP.AQ\nC_GUANG2_CON_F_SMD_OUT_TEMP._DNP.AQ\nC_GUANG2_INT_F_SME_TK_131_0_NI_COMB_DNP.AQ\nC_GUANG2_DIA_D_SME_TK_132_0_NI_AGUA_DNP.AQ\nC_GUANG2_DIA_F_SME_TK_133_0_NI_AGUA_DNP.AQ\nC_GUANG2_CON_D_SMD_OUT_DENSID_DNP.AQ\nC_GUANG2_TRF_D_SMD_M_109_0_TEMP._DNP.AQ\nC_GUANG2_CON_D_SMD_IN_F_VOLT_DNP.AQ\nC_GUANG2_CON_F_SMD_IN_F_VOL._DNP.AQ\nC_GUANG2_INT_F_SME_TK_131_0_NI_AGUA_DNP.AQ\nC_GUANG2_INT_F_SME_TK_131_0_TEMP_CO_DNP.AQ\nC_GUANG213.8BAR_1_V.BARRA_DNP.AQ\nC_GUANG213.8BAR_B2_V.BARRA_DNP.AQ\nC_GUANG213.8BAR_B2_HERTZ_DNP.AQ\nC_GUANG2_DIA_F_SME_TK_133_0_TEMP_CO_DNP.AQ\nC_GUANG213.8BAR_U1_V.BARRA_DNP.AQ\nC_GUANG2_TRF_D_SMD_M_109_0_DENSID_DNP.AQ\nC_GUANG2_DIA_D_SME_TK_132_0_TEMP_CO_DNP.AQ\nC_GUANG2_DIA_D_SME_TK_132_0_VOL_STD_DNP.AQ\nC_GUANG2_DIA_F_SME_TK_133_0_VOL_STD_DNP.AQ\nC_GUANG2_DIA_F_SME_TK_133_0_NI_COMB_DNP.AQ\nC_GUANG2_DIA_D_SME_TK_132_0_NI_COMB_DNP.AQ\nC_GUANG2_CON_F_SMD_IN_F_MAS._DNP.AQ\nC_GUANG213.8BAR_U3_V.BARRA_DNP.AQ\nC_GUANG2_ALM_F_SME_TK_130_0_VOL_STD_DNP.AQ\nC_GUANG2_T2-46-13.-_P.TRA46_DNP.AQ\nC_GUANG2_T2-46-13.-_Q.TRA46_DNP.AQ\nC_GUANG2_CON_D_SMD_IN_PRES._DNP.AQ\nC_GUANG2_CON_D_SMD_IN_TEMP._DNP.AQ\nC_GUANG2_CON_D_SMD_IN_F_MAS._DNP.AQ\nC_GUANG2_CON_D_SMD_IN_F_MAST_DNP.AQ\nC_GUANG2_ALM_F_SME_TK_130_0_NI_COMB_DNP.AQ\nC_GUANG2_TRF_D_SMD_M_109_0_F_VOL._DNP.AQ\nC_GUANG2_TRF_D_SMD_M_109_0_F_MAST_DNP.AQ\nC_GUANG2_TRF_D_SMD_M_109_0_M_FACT_DNP.AQ\nC_GUANG2_TRF_D_SMD_M_109_0_PRES._DNP.AQ\nC_GUANG2_CON_D_SMD_IN_M_FACT_DNP.AQ\nC_GUANG2_CON_F_SMD_IN_TEMP._DNP.AQ\nC_GUANG2_CON_F_SMD_IN_PRES._DNP.AQ\nC_GUANG2_TRF_D_SMD_M_109_0_F_MAS._DNP.AQ\nC_GUANG2_TRF_F_SMD_M_108_0_F_MAST_DNP.AQ\nC_GUANG2_INT_F_SME_TK_131_0_VOL_STD_DNP.AQ\nC_GUANG2_TRF_F_SMD_M_108_0_DENSID_DNP.AQ\nC_GUANG213.8BAR_U4_V.BARRA_DNP.AQ\nC_GUANG213.8BAR_U5_V.BARRA_DNP.AQ\nC_GUANG2_CON_F_SMD_IN_F_MAST_DNP.AQ\nC_GUANG213.8BAR_U2_V.BARRA_DNP.AQ\nC_GUANG2_REC_F_SMD_M_107_0_TEMP._DNP.AQ\nC_GUANG2_REC_F_SMD_M_107_0_F_VOLT_DNP.AQ\nC_GUANG2_CON_F_SMD_OUT_DENSID_DNP.AQ\nC_GUANG2_CON_F_SMD_OUT_F_MAS._DNP.AQ\nC_GUANG213.8BAR_B1_HERTZ_DNP.AQ\nC_GUANG2_CON_D_SMD_IN_F_VOL._DNP.AQ\nC_GUANG2_T3-138-13.-_P.TRA13._DNP.AQ\nC_GUANG2_T3-138-13.-_Q.TRA13._DNP.AQ\nC_GUANG2_CON_F_SMD_OUT_F_MAST_DNP.AQ\nC_GUANG2_CON_D_SMD_OUT_F_MAST_DNP.AQ\nC_GUANG213.8U1_TE_FLG.UNID.DISPON_DNP.EQ\nC_GUANG213.8U6_TE_ALA.PARO.EMERG._DNP.EQ\nC_GUANG213.8U1_TE_ALA.PARO.EMERG._DNP.EQ\nC_GUANG213.8U2_TE_ALA.FAL.ELECTR._DNP.EQ\nC_GUANG213.8U2_TE_ALA.PARO.EMERG._DNP.EQ\nC_GUANG213.8U3_TE_ALA.PARO.EMERG._DNP.EQ\nC_GUANG213.8U3_TE_ALA.FAL.ELECTR._DNP.EQ\nC_GUANG213.8U4_TE_ALA.FAL.ELECTR._DNP.EQ\nC_GUANG213.8U5_TE_ALA.FAL.ELECTR._DNP.EQ\nC_GUANG213.8U6_TE_FLG.UNID.DISPON_DNP.EQ\nC_GUANG213.8U6_TE_ALA.FAL.MECANI._DNP.EQ\nC_GUANG213.8U5_TE_ALA.FAL.MECANI._DNP.EQ\nC_GUANG2_T2-46-13.-_ALA.PRO.DIF_DNP.EQ\nC_GUANG213.8U6_TE_ALA.FAL.ELECTR._DNP.EQ\nC_GUANG213.8U1_TE_ALA.FAL.ELECTR._DNP.EQ\nC_GUANG246T2_SC.TRA89-1L2_DNP.SQ\nC_GUANG2_T2-46-13.-_ALA.SOBREP_DNP.EQ\nC_GUANG246T2_SC.TRA89-2L2_DNP.SQ\nC_GUANG2_T2-46-13.-_ALA.SOBRET._DNP.EQ\nC_GUANG213.8U4_TE_ALA.PARO.EMERG._DNP.EQ\nC_GUANG2_T2-46-13.-_ALA.BUCHHOL_DNP.EQ\nC_GUANG2138T3_SC.TRA89-31_DNP.SQ\nC_GUANG2_T3-138-13.-_ALA.SOBREP_DNP.EQ\nC_GUANG2_T2-46-13.-_ALA.SOBREC._DNP.EQ\nC_GUANG2_T2-46-13.-_ALA.SOBRETB_DNP.EQ\nC_GUANG213.8U1_TE_ALA.FAL.MECANI._DNP.EQ\nC_GUANG213.8U5_TE_ALA.PARO.EMERG._DNP.EQ\nC_GUANG213.8U3_TE_ALA.FAL.MECANI._DNP.EQ\nC_GUANG213.8U4_TE_ALA.FAL.MECANI._DNP.EQ\nC_GUANG213.8U2_TE_ALA.FAL.MECANI._DNP.EQ\nC_GUANG2_T3-138-13.-_ALA.PRO.DIF_DNP.EQ\nC_GUANG213.8U4_TE_FLG.UNID.DISPON_DNP.EQ\nC_GUANG213.8U3_TE_FLG.UNID.DISPON_DNP.EQ\nC_GUANG2_T3-138-13.-_ALA.SOBRETB_DNP.EQ\nC_GUANG213.8U5_TE_FLG.UNID.DISPON_DNP.EQ\nC_GUANG213.8U2_TE_FLG.UNID.DISPON_DNP.EQ'
Arguments: ()

[E.E. QUITO] [C_GUANG2] Tags no encontradas: 
C_GUANG2_ALM_F_SME_TK_130_0_TEMP_CO_DNP.AQ
C_GUANG2_CON_D_SMD_OUT_PRES._DNP.AQ
C_GUANG2_CON_F_SMD_IN_DENSID_DNP.AQ
C_GUANG2_CON_F_SMD_OUT_F_VOL._DNP.AQ
C_GUANG2_CON_F_SMD_OUT_M_FACT_DNP.AQ
C_GUANG2_CON_F_SMD_OUT_F_VOLT_DNP.AQ
C_GUANG213.8BAR_U6_V.BARRA_DNP.AQ
C_GUANG2_CON_D_SMD_OUT_F_VOL._DNP.AQ
C_GUANG2_CON_D_SMD_OUT_F_VOLT_DNP.AQ
C_GUANG2_CON_D_SMD_OUT_M_FACT_DNP.AQ
C_GUANG2_CON_D_SMD_OUT_TEMP._DNP.AQ
C_GUANG2_CON_D_SMD_OUT_F_MAS._DNP.AQ
C_GUANG2_TRF_F_SMD_M_108_0_F_MAS._DNP.AQ
C_GUANG2_TRF_F_SMD_M_108_0_F_VOL._DNP.AQ
C_GUANG2_CON_D_SMD_IN_DENSID_DNP.AQ
C_GUANG2_CON_F_SMD_IN_F_VOLT_DNP.AQ
C_GUANG2_REC_F_SMD_M_106_0_F_MAS._DNP.AQ
C_GUANG2_REC_F_SMD_M_107_0_F_MAST_DNP.AQ
C_GUANG2_TRF_D_SMD_M_109_0_F_VOLT_DNP.AQ
C_GUANG2_REC_F_SMD_M_106_0_TEMP._DNP.AQ
C_GUANG2_REC_F_SMD_M_106_0_F_VOLT_DNP.AQ
C_GUANG2_REC_F_SMD_M_107_0_DENSID_DNP.AQ
C_GUANG2_REC_F_SMD_M_106_0_PRES._DNP.AQ
C_GUANG2_TRF_F_SMD_M_108_0_PRES._DNP.AQ
C_GUANG2_TRF_F_SMD_M_108_0_TEMP._DNP.AQ
C_GUANG2_TRF_F_SMD_M_108_0_F_VOLT_DNP.AQ
C_GUANG2_REC_F_SMD_M_107_0_F_MAS._DNP.AQ
C_GUANG2_REC_F_SMD_M_107_0_F_VOL._DNP.AQ
C_GUANG2_REC_F_SMD_M_106_0_DENSID_DNP.AQ
C_GUANG2_CON_F_SMD_IN_M_FACT_DNP.AQ
C_GUANG2_REC_F_SMD_M_106_0_F_VOL._DNP.AQ
C_GUANG2_REC_F_SMD_M_106_0_F_MAST_DNP.AQ
C_GUANG2_REC_F_SMD_M_107_0_M_FACT_DNP.AQ
C_GUANG2_ALM_F_SME_TK_130_0_NI_AGUA_DNP.AQ
C_GUANG2_REC_F_SMD_M_106_0_M_FACT_DNP.AQ
C_GUANG2_TRF_F_SMD_M_108_0_M_FACT_DNP.AQ
C_GUANG2_REC_F_SMD_M_107_0_PRES._DNP.AQ
C_GUANG2_CON_F_SMD_OUT_PRES._DNP.AQ
C_GUANG2_CON_F_SMD_OUT_TEMP._DNP.AQ
C_GUANG2_INT_F_SME_TK_131_0_NI_COMB_DNP.AQ
C_GUANG2_DIA_D_SME_TK_132_0_NI_AGUA_DNP.AQ
C_GUANG2_DIA_F_SME_TK_133_0_NI_AGUA_DNP.AQ
C_GUANG2_CON_D_SMD_OUT_DENSID_DNP.AQ
C_GUANG2_TRF_D_SMD_M_109_0_TEMP._DNP.AQ
C_GUANG2_CON_D_SMD_IN_F_VOLT_DNP.AQ
C_GUANG2_CON_F_SMD_IN_F_VOL._DNP.AQ
C_GUANG2_INT_F_SME_TK_131_0_NI_AGUA_DNP.AQ
C_GUANG2_INT_F_SME_TK_131_0_TEMP_CO_DNP.AQ
C_GUANG213.8BAR_1_V.BARRA_DNP.AQ
C_GUANG213.8BAR_B2_V.BARRA_DNP.AQ
C_GUANG213.8BAR_B2_HERTZ_DNP.AQ
C_GUANG2_DIA_F_SME_TK_133_0_TEMP_CO_DNP.AQ
C_GUANG213.8BAR_U1_V.BARRA_DNP.AQ
C_GUANG2_TRF_D_SMD_M_109_0_DENSID_DNP.AQ
C_GUANG2_DIA_D_SME_TK_132_0_TEMP_CO_DNP.AQ
C_GUANG2_DIA_D_SME_TK_132_0_VOL_STD_DNP.AQ
C_GUANG2_DIA_F_SME_TK_133_0_VOL_STD_DNP.AQ
C_GUANG2_DIA_F_SME_TK_133_0_NI_COMB_DNP.AQ
C_GUANG2_DIA_D_SME_TK_132_0_NI_COMB_DNP.AQ
C_GUANG2_CON_F_SMD_IN_F_MAS._DNP.AQ
C_GUANG213.8BAR_U3_V.BARRA_DNP.AQ
C_GUANG2_ALM_F_SME_TK_130_0_VOL_STD_DNP.AQ
C_GUANG2_T2-46-13.-_P.TRA46_DNP.AQ
C_GUANG2_T2-46-13.-_Q.TRA46_DNP.AQ
C_GUANG2_CON_D_SMD_IN_PRES._DNP.AQ
C_GUANG2_CON_D_SMD_IN_TEMP._DNP.AQ
C_GUANG2_CON_D_SMD_IN_F_MAS._DNP.AQ
C_GUANG2_CON_D_SMD_IN_F_MAST_DNP.AQ
C_GUANG2_ALM_F_SME_TK_130_0_NI_COMB_DNP.AQ
C_GUANG2_TRF_D_SMD_M_109_0_F_VOL._DNP.AQ
C_GUANG2_TRF_D_SMD_M_109_0_F_MAST_DNP.AQ
C_GUANG2_TRF_D_SMD_M_109_0_M_FACT_DNP.AQ
C_GUANG2_TRF_D_SMD_M_109_0_PRES._DNP.AQ
C_GUANG2_CON_D_SMD_IN_M_FACT_DNP.AQ
C_GUANG2_CON_F_SMD_IN_TEMP._DNP.AQ
C_GUANG2_CON_F_SMD_IN_PRES._DNP.AQ
C_GUANG2_TRF_D_SMD_M_109_0_F_MAS._DNP.AQ
C_GUANG2_TRF_F_SMD_M_108_0_F_MAST_DNP.AQ
C_GUANG2_INT_F_SME_TK_131_0_VOL_STD_DNP.AQ
C_GUANG2_TRF_F_SMD_M_108_0_DENSID_DNP.AQ
C_GUANG213.8BAR_U4_V.BARRA_DNP.AQ
C_GUANG213.8BAR_U5_V.BARRA_DNP.AQ
C_GUANG2_CON_F_SMD_IN_F_MAST_DNP.AQ
C_GUANG213.8BAR_U2_V.BARRA_DNP.AQ
C_GUANG2_REC_F_SMD_M_107_0_TEMP._DNP.AQ
C_GUANG2_REC_F_SMD_M_107_0_F_VOLT_DNP.AQ
C_GUANG2_CON_F_SMD_OUT_DENSID_DNP.AQ
C_GUANG2_CON_F_SMD_OUT_F_MAS._DNP.AQ
C_GUANG213.8BAR_B1_HERTZ_DNP.AQ
C_GUANG2_CON_D_SMD_IN_F_VOL._DNP.AQ
C_GUANG2_T3-138-13.-_P.TRA13._DNP.AQ
C_GUANG2_T3-138-13.-_Q.TRA13._DNP.AQ
C_GUANG2_CON_F_SMD_OUT_F_MAST_DNP.AQ
C_GUANG2_CON_D_SMD_OUT_F_MAST_DNP.AQ
C_GUANG213.8U1_TE_FLG.UNID.DISPON_DNP.EQ
C_GUANG213.8U6_TE_ALA.PARO.EMERG._DNP.EQ
C_GUANG213.8U1_TE_ALA.PARO.EMERG._DNP.EQ
C_GUANG213.8U2_TE_ALA.FAL.ELECTR._DNP.EQ
C_GUANG213.8U2_TE_ALA.PARO.EMERG._DNP.EQ
C_GUANG213.8U3_TE_ALA.PARO.EMERG._DNP.EQ
C_GUANG213.8U3_TE_ALA.FAL.ELECTR._DNP.EQ
C_GUANG213.8U4_TE_ALA.FAL.ELECTR._DNP.EQ
C_GUANG213.8U5_TE_ALA.FAL.ELECTR._DNP.EQ
C_GUANG213.8U6_TE_FLG.UNID.DISPON_DNP.EQ
C_GUANG213.8U6_TE_ALA.FAL.MECANI._DNP.EQ
C_GUANG213.8U5_TE_ALA.FAL.MECANI._DNP.EQ
C_GUANG2_T2-46-13.-_ALA.PRO.DIF_DNP.EQ
C_GUANG213.8U6_TE_ALA.FAL.ELECTR._DNP.EQ
C_GUANG213.8U1_TE_ALA.FAL.ELECTR._DNP.EQ
C_GUANG246T2_SC.TRA89-1L2_DNP.SQ
C_GUANG2_T2-46-13.-_ALA.SOBREP_DNP.EQ
C_GUANG246T2_SC.TRA89-2L2_DNP.SQ
C_GUANG2_T2-46-13.-_ALA.SOBRET._DNP.EQ
C_GUANG213.8U4_TE_ALA.PARO.EMERG._DNP.EQ
C_GUANG2_T2-46-13.-_ALA.BUCHHOL_DNP.EQ
C_GUANG2138T3_SC.TRA89-31_DNP.SQ
C_GUANG2_T3-138-13.-_ALA.SOBREP_DNP.EQ
C_GUANG2_T2-46-13.-_ALA.SOBREC._DNP.EQ
C_GUANG2_T2-46-13.-_ALA.SOBRETB_DNP.EQ
C_GUANG213.8U1_TE_ALA.FAL.MECANI._DNP.EQ
C_GUANG213.8U5_TE_ALA.PARO.EMERG._DNP.EQ
C_GUANG213.8U3_TE_ALA.FAL.MECANI._DNP.EQ
C_GUANG213.8U4_TE_ALA.FAL.MECANI._DNP.EQ
C_GUANG213.8U2_TE_ALA.FAL.MECANI._DNP.EQ
C_GUANG2_T3-138-13.-_ALA.PRO.DIF_DNP.EQ
C_GUANG213.8U4_TE_FLG.UNID.DISPON_DNP.EQ
C_GUANG213.8U3_TE_FLG.UNID.DISPON_DNP.EQ
C_GUANG2_T3-138-13.-_ALA.SOBRETB_DNP.EQ
C_GUANG213.8U5_TE_FLG.UNID.DISPON_DNP.EQ
C_GUANG213.8U2_TE_FLG.UNID.DISPON_DNP.EQ
Proc. UTRs [E.E. QUITO]                 : 100%|█████████████████████| 10/10 [00:10<00:00,  1.75s/it]Proc. UTRs [E.E. QUITO]                 : 100%|█████████████████████| 10/10 [00:10<00:00,  1.09s/it]
No se han procesado las siguientes tags: 
 C_HCARCE_0.4GEN_P.G-NET_DNP.AQ
C_HCARCE_0.4GEN_Q.G-NET_DNP.AQ
C_PASOC_43GEN_ALA.COMUNI_DNP.SQ
C_CHILLO_2.2GEN_ALA.COMUNI_DNP.SQ
RTU_54_19RTUFAILED.SQ
C_GUAN_D4.16U6_HI_ALA.FAL.ELE+MEC_ICC.EQ
C_GUAN_D4.16U6_HI_ALA.FAL.ELECTR._ICC.EQ
C_GUAN_D4.16U6_HI_ALA.PAR.MA_ICC.EQ
C_GUAN_D4.16U6_HI_ALA.FAL.MECANI._ICC.EQ
C_GUAN_D46T6_SC.BAR189-G6_ICC.EQ
C_NAYON_NIVELAGUAENRESERVORI_DNP.AQ
C_NAYON46BAR_U1_V.BARRA_DNP.AQ
C_NAYON46BAR_U2_V.BARRA_DNP.AQ
C_NAYON6.9U1_HI_ALA.FAL.MECANI._DNP.EQ
C_NAYON6.9U1_HI_ALA.FAL.ELECTR._DNP.EQ
C_NAYON6.9U1_HI_ALA.FAL.ELE+MEC_DNP.EQ
C_NAYON6.9U1_SC.BAR189-1_DNP.SQ
C_NAYON6.9U2_HI_ALA.FAL.ELECTR._DNP.EQ
C_NAYON6.9U2_SC.BAR189-2_DNP.SQ
C_NAYON6.9U2_HI_ALA.FAL.MECANI._DNP.EQ
C_NAYON6.9U2_HI_ALA.FAL.ELE+MEC_DNP.EQ
C_NAYON6.9U1_HI_ALA.PAR.MA_DNP.EQ
RTU_67_23RTUFAILED.SQ
C_NAYON6.9U2_HI_ALA.PAR.MA_DNP.EQ
PAPALLAC138EPMAPS_I.LINEA-C_ICC.AQ
PAPALLAC_TR1-138-23-_I.TRAFO-B_ICC.AQ
PAPALLAC_TR1-138-23-_LTC.23_ICC.AQ
PAPALLAC138EPMAPS_I.LINEA-B_ICC.AQ
PAPALLAC23ALI_B_N_Q.CARGA_ICC.AQ
PAPALLAC23ALI_B_N_P.CARGA_ICC.AQ
PAPALLAC23ALI_A_N_Q.LINEA_ICC.AQ
PAPALLAC23ALI_A_N_P.LINEA_ICC.AQ
PAPALLAC23TR1_V.BARRA_TRAF_ICC.AQ
PAPALLAC138EPMAPS_I.LINEA-A_ICC.AQ
PAPALLAC138BAR_BAR_V.BARRA_LINE_ICC.AQ
PAPALLAC_TR1-138-23-_I.TRAFO-C_ICC.AQ
PAPALLAC_TR1-138-23-_I.TRAFO-A_ICC.AQ
PAPALLAC23TR1_SC.BAR189-11_ICC.SQ
PAPALLAC23TR1_SC.TIE189-E11_ICC.SQ
PAPALLAC23ALI_B_N_ALA.SOBREC.F_NT_ICC.EQ
PAPALLAC23TR1_IT.TRA152-1_ICC.EQ
PAPALLAC23TR1_ALA.SOBRECO.PRI_ICC.EQ
PAPALLAC23ALI_A_N_ALA.SOBRECO.SEC_ICC.EQ
PAPALLAC_TR1-138-23-_ALA.BUCHHOL_ICC.EQ
PAPALLAC_TR1-138-23-_ALA.SOBREP._ICC.EQ
PAPALLAC_TR1-138-23-_AL.SOBR.ACE_ICC.EQ
PAPALLAC23ALI_A_N_IT.LIN152-A_ICC.EQ
PAPALLAC23ALI_B_N_IT.ALI152-B_ICC.EQ
PAPALLAC138EPMAPS_SC.TIE89-E11_ICC.SQ
PAPALLAC23ALI_B_N_ALA.SOBRECO.SEC_ICC.EQ
PAPALLAC23ALI_A_N_ALA.SOBRECO.PRI_ICC.EQ
PAPALLAC_TR1-138-23-_ALA.PRO.DIF_ICC.EQ
PAPALLAC_TR1-138-23-_ALA.SOBRET._ICC.EQ
PAPALLAC23TR1_ALA.FAL.INTERRU_ICC.EQ
PAPALLAC23ALI_A_N_ALA.FAL.INTERRU_ICC.EQ
PAPALLAC23ALI_B_N_ALA.FAL.INTERRU_ICC.EQ
PAPALLAC23ALI_B_N_ALA.SOBRECO.PRI_ICC.EQ
PAPALLAC23TR1_ALA.SBC.DIR.F_N_ICC.EQ
PAPALLAC23TR1_ALA.SBC.DIR.PRI_ICC.EQ
PAPALLAC23TR1_ALA.SOBREC.F_NT_ICC.EQ
PAPALLAC_TR1-138-23-_ALA.TRA.PRI_ICC.EQ
PAPALLAC138EPMAPS_ALA.SOBREC.F_NT_ICC.EQ
PAPALLAC138EPMAPS_ALA.SOBRECO.SEC_ICC.EQ
PAPALLAC138EPMAPS_ALA.SBC.DIR.PRI_ICC.EQ
PAPALLAC138EPMAPS_IT.LIN52-1_ICC.EQ
PAPALLAC138EPMAPS_ALA.SOBRECO.PRI_ICC.EQ
PAPALLAC138EPMAPS_ALA.SBC.DIR.F_N_ICC.EQ
PAPALLAC138EPMAPS_SC.LIN89-11_ICC.SQ
PAPALLAC23ALI_A_N_ALA.SOBREC.F_NT_ICC.EQ
C_CUMBAY46BAR_U4_V.BARRA_DNP.AQ
C_CUMBAY46BAR_U1_V.BARRA_DNP.AQ
C_CUMBAY_NIVELAGUAENRESERVORI_DNP.AQ
C_CUMBAY46BAR_U2_V.BARRA_DNP.AQ
C_CUMBAY46BAR_U3_V.BARRA_DNP.AQ
C_CUMBAY4.16U2_HI_ALA.FAL.MECANI._DNP.EQ
C_CUMBAY4.16U2_HI_ALA.FAL.ELECTR._DNP.EQ
C_CUMBAY4.16U1_HI_ALA.FAL.ELECTR._DNP.EQ
C_CUMBAY4.16U1_HI_ALA.FAL.ELE+MEC_DNP.EQ
C_CUMBAY4.16U4_HI_ALA.FAL.ELECTR._DNP.EQ
C_CUMBAY4.16U3_SC.BAR-H33_DNP.SQ
C_CUMBAY4.16U4_HI_ALA.FAL.MECANI._DNP.EQ
C_CUMBAY4.16U4_HI_ALA.PAR.MA_DNP.EQ
RTU_69_24RTUFAILED.SQ
C_CUMBAY4.16U3_HI_ALA.PAR.MA_DNP.EQ
C_CUMBAY4.16U4_SC.BAR-H43_DNP.SQ
C_CUMBAY4.16U3_HI_ALA.FAL.ELE+MEC_DNP.EQ
C_CUMBAY4.16U1_HI_ALA.PAR.MA_DNP.EQ
C_CUMBAY4.16U3_HI_ALA.FAL.ELECTR._DNP.EQ
C_CUMBAY4.16U3_HI_ALA.FAL.MECANI._DNP.EQ
C_CUMBAY4.16U1_SC.BAR-H13_DNP.SQ
C_CUMBAY4.16U2_HI_ALA.PAR.MA_DNP.EQ
C_CUMBAY4.16U2_HI_ALA.FAL.ELE+MEC_DNP.EQ
C_CUMBAY4.16U1_HI_ALA.FAL.MECANI._DNP.EQ
C_CUMBAY4.16U2_SC.BAR-H23_DNP.SQ
C_CUMBAY4.16U4_HI_ALA.FAL.ELE+MEC_DNP.EQ
C_G_HERN_TRF_D_SMD_M_8414_0_PRES._DNP.AQ
C_G_HERN_TRF_D_SMD_M_8414_0_F_MAST_DNP.AQ
C_G_HERN_CON_F_SMD_M_8415B_0_DENSID_DNP.AQ
C_G_HERN_TRF_D_SMD_M_8414_0_DENSID_DNP.AQ
C_G_HERN_TRF_D_SMD_M_8414_0_TEMP._DNP.AQ
C_G_HERN_CON_F_SMD_M_8415C_0_F_VOLT_DNP.AQ
C_G_HERN_ALM_D_SME_T_128B_0_VOL_15CDNP.AQ
C_G_HERN_TRF_F_SMD_M_8413_0_F_VOLT_DNP.AQ
C_G_HERN_CON_F_SMD_M_8415F_0_F_VOLT_DNP.AQ
C_G_HERN_CON_F_SMD_M_8415A_0_F_MAST_DNP.AQ
C_G_HERN_CON_F_SMD_M_8415B_0_PRES._DNP.AQ
C_G_HERN_CON_F_SMD_M_8415A_0_F_VOLT_DNP.AQ
C_G_HERN_ALM_D_SME_T_128B_0_NI_AGUA_DNP.AQ
C_G_HERN_CON_F_SMD_M_8415B_0_F_VOLT_DNP.AQ
C_G_HERN_TRF_F_SMD_M_8413_0_DENSID_DNP.AQ
C_G_HERN_TRF_F_SMD_M_8413_0_F_MAS._DNP.AQ
C_G_HERN_CON_F_SMD_M_8415B_0_F_MAST_DNP.AQ
C_G_HERN_ALM_F_SME_T_127A_0_NI_AGUA_DNP.AQ
C_G_HERN13.8BAR_A_HERTZ_DNP.AQ
C_G_HERN13.8BAR_U5_V.BARRA_DNP.AQ
C_G_HERN_T1-46-13.-_P.TRA13._DNP.AQ
C_G_HERN_REC_D_SMD_M_8412B_0_F_MAST_DNP.AQ
C_G_HERN_CON_F_SMD_M_8415D_0_TEMP._DNP.AQ
C_G_HERN_REC_F_SMD_M_8411A_0_F_VOLT_DNP.AQ
C_G_HERN_REC_D_SMD_M_8412B_0_F_MAS._DNP.AQ
C_G_HERN_ALM_F_SME_T_127B_0_TEMP_CO_DNP.AQ
C_G_HERN_ALM_F_SME_T_127B_0_NI_AGUA_DNP.AQ
C_G_HERN_ALM_F_SME_T_127B_0_NI_COMB_DNP.AQ
C_G_HERN_REC_D_SMD_M_8412B_0_M_FACT_DNP.AQ
C_G_HERN_CON_F_SMD_M_8415A_0_PRES._DNP.AQ
C_G_HERN_CON_F_SMD_M_8415F_0_M_FACT_DNP.AQ
C_G_HERN_CON_F_SMD_M_8415A_0_M_FACT_DNP.AQ
C_G_HERN_REC_F_SMD_M_8411A_0_F_MAST_DNP.AQ
C_G_HERN_CON_F_SMD_M_8415B_0_F_VOL._DNP.AQ
C_G_HERN_CON_F_SMD_M_8415B_0_M_FACT_DNP.AQ
C_G_HERN_REC_D_SMD_M_8412B_0_PRES._DNP.AQ
C_G_HERN_REC_F_SMD_M_8411B_0_F_VOLT_DNP.AQ
C_G_HERN_CON_F_SMD_M_8415C_0_F_MAS._DNP.AQ
C_G_HERN_CON_F_SMD_M_8415F_0_F_VOL._DNP.AQ
C_G_HERN_CON_F_SMD_M_8415C_0_F_VOL._DNP.AQ
C_G_HERN_CON_F_SMD_M_8415C_0_M_FACT_DNP.AQ
C_G_HERN_CON_F_SMD_M_8415D_0_M_FACT_DNP.AQ
C_G_HERN_CON_F_SMD_M_8415E_0_M_FACT_DNP.AQ
C_G_HERN_CON_F_SMD_M_8415A_0_DENSID_DNP.AQ
C_G_HERN_REC_F_SMD_M_8411B_0_F_VOL._DNP.AQ
C_G_HERN_REC_D_SMD_M_8412B_0_F_VOL._DNP.AQ
C_G_HERN_TRF_F_SMD_M_8413_0_F_VOL._DNP.AQ
C_G_HERN_TRF_F_SMD_M_8413_0_F_MAST_DNP.AQ
C_G_HERN_REC_D_SMD_M_8412B_0_F_VOLT_DNP.AQ
C_G_HERN_CON_F_SMD_M_8415E_0_PRES._DNP.AQ
C_G_HERN_CON_F_SMD_M_8415F_0_PRES._DNP.AQ
C_G_HERN_REC_F_SMD_M_8411B_0_DENSID_DNP.AQ
C_G_HERN_REC_F_SMD_M_8411B_0_TEMP._DNP.AQ
C_G_HERN_REC_D_SMD_M_8412B_0_TEMP._DNP.AQ
C_G_HERN_CON_F_SMD_M_8415E_0_F_VOL._DNP.AQ
C_G_HERN_REC_F_SMD_M_8411B_0_F_MAS._DNP.AQ
C_G_HERN_TRF_F_SMD_M_8413_0_TEMP._DNP.AQ
C_G_HERN_REC_F_SMD_M_8411A_0_TEMP._DNP.AQ
C_G_HERN_REC_F_SMD_M_8411A_0_F_MAS._DNP.AQ
C_G_HERN_REC_F_SMD_M_8411A_0_F_VOL._DNP.AQ
C_G_HERN_REC_F_SMD_M_8411A_0_DENSID_DNP.AQ
C_G_HERN_TRF_D_SMD_M_8414_0_F_MAS._DNP.AQ
C_G_HERN_CON_F_SMD_M_8415A_0_F_MAS._DNP.AQ
C_G_HERN_ALM_F_SME_T_127A_0_VOL_15CDNP.AQ
C_G_HERN_TRF_D_SMD_M_8414_0_M_FACT_DNP.AQ
C_G_HERN_T1-46-13.-_Q.TRA13._DNP.AQ
C_G_HERN_REC_F_SMD_M_8411B_0_F_MAST_DNP.AQ
C_G_HERN_REC_F_SMD_M_8411B_0_M_FACT_DNP.AQ
C_G_HERN_ALM_F_SME_T_127B_0_VOL_15CDNP.AQ
C_G_HERN_ALM_D_SME_T_128B_0_TEMP_CO_DNP.AQ
C_G_HERN_CON_F_SMD_M_8415E_0_DENSID_DNP.AQ
C_G_HERN_CON_F_SMD_M_8415F_0_DENSID_DNP.AQ
C_G_HERN_CON_F_SMD_M_8415F_0_TEMP._DNP.AQ
C_G_HERN_CON_F_SMD_M_8415A_0_TEMP._DNP.AQ
C_G_HERN_CON_F_SMD_M_8415D_0_F_MAS._DNP.AQ
C_G_HERN13.8BAR_U6_V.BARRA_DNP.AQ
C_G_HERN13.8BAR_U2_V.BARRA_DNP.AQ
C_G_HERN_REC_F_SMD_M_8411A_0_M_FACT_DNP.AQ
C_G_HERN_REC_F_SMD_M_8411B_0_PRES._DNP.AQ
C_G_HERN_CON_F_SMD_M_8415D_0_F_VOL._DNP.AQ
C_G_HERN_ALM_F_SME_T_127A_0_TEMP_CO_DNP.AQ
C_G_HERN13.8BAR_B_V.BARRA_DNP.AQ
C_G_HERN13.8BAR_B_HERTZ_DNP.AQ
C_G_HERN_CON_F_SMD_M_8415F_0_F_MAS._DNP.AQ
C_G_HERN_CON_F_SMD_M_8415D_0_F_MAST_DNP.AQ
C_G_HERN_CON_F_SMD_M_8415E_0_F_MAST_DNP.AQ
C_G_HERN_CON_F_SMD_M_8415F_0_F_MAST_DNP.AQ
C_G_HERN_CON_F_SMD_M_8415C_0_DENSID_DNP.AQ
C_G_HERN13.8T1_V.TRAFO_DNP.AQ
C_G_HERN_ALM_F_SME_T_127A_0_NI_COMB_DNP.AQ
C_G_HERN_TRF_F_SMD_M_8413_0_M_FACT_DNP.AQ
C_G_HERN_CON_F_SMD_M_8415D_0_DENSID_DNP.AQ
C_G_HERN13.8BAR_U4_V.BARRA_DNP.AQ
C_G_HERN_TRF_F_SMD_M_8413_0_PRES._DNP.AQ
C_G_HERN13.8BAR_A_V.BARRA_DNP.AQ
C_G_HERN_CON_F_SMD_M_8415B_0_F_MAS._DNP.AQ
C_G_HERN_CON_F_SMD_M_8415C_0_TEMP._DNP.AQ
C_G_HERN13.8BAR_U1_V.BARRA_DNP.AQ
C_G_HERN_TRF_D_SMD_M_8414_0_F_VOLT_DNP.AQ
C_G_HERN_TRF_D_SMD_M_8414_0_F_VOL._DNP.AQ
C_G_HERN_CON_F_SMD_M_8415B_0_TEMP._DNP.AQ
C_G_HERN_CON_F_SMD_M_8415A_0_F_VOL._DNP.AQ
C_G_HERN_CON_F_SMD_M_8415C_0_F_MAST_DNP.AQ
C_G_HERN_REC_F_SMD_M_8411A_0_PRES._DNP.AQ
C_G_HERN_CON_F_SMD_M_8415C_0_PRES._DNP.AQ
C_G_HERN_CON_F_SMD_M_8415D_0_PRES._DNP.AQ
C_G_HERN_CON_F_SMD_M_8415D_0_F_VOLT_DNP.AQ
C_G_HERN_CON_F_SMD_M_8415E_0_F_VOLT_DNP.AQ
C_G_HERN13.8BAR_U3_V.BARRA_DNP.AQ
C_G_HERN_ALM_D_SME_T_128B_0_NI_COMB_DNP.AQ
C_G_HERN_CON_F_SMD_M_8415E_0_F_MAS._DNP.AQ
C_G_HERN_REC_D_SMD_M_8412B_0_DENSID_DNP.AQ
C_G_HERN_CON_F_SMD_M_8415E_0_TEMP._DNP.AQ
C_G_HERN13.8U5_TE_ALA.FAL.MECANI._DNP.EQ
C_G_HERN_U5841-5EVLV._DNP.EQ
C_G_HERN_U1841-5AVLV._DNP.EQ
RTU_61_31RTUFAILED.SQ
C_G_HERN_T1-46-13.-_ALA.BUCHHOL_DNP.EQ
C_G_HERN13.8U1_TE_ALA.FAL.ELECTR._DNP.EQ
C_G_HERN_T1-46-13.-_ALA.PRO.DIF_DNP.EQ
C_G_HERN_U4841-5DVLV._DNP.EQ
C_G_HERN_U3841-5CVLV._DNP.EQ
C_G_HERN13.8U3_TE_ALA.PARO.MANUAL_DNP.EQ
C_G_HERN13.8U4_TE_ALA.FAL.ELECTR._DNP.EQ
C_G_HERN13.8U5_TE_ALA.FAL.ELECTR._DNP.EQ
C_G_HERN13.8U2_TE_ALA.PARO.MANUAL_DNP.EQ
C_G_HERN13.8U4_TE_ALA.FAL.MECANI._DNP.EQ
C_G_HERN13.8U6_TE_ALA.FAL.ELECTR._DNP.EQ
C_G_HERN_U2841-5BVLV._DNP.EQ
C_G_HERN13.8U3_TE_ALA.FAL.MECANI._DNP.EQ
C_G_HERN13.8U2_TE_ALA.FAL.ELECTR._DNP.EQ
C_G_HERN13.8U1_TE_ALA.PARO.MANUAL_DNP.EQ
C_G_HERN46T1_SC.LIN89-H13_DNP.SQ
C_G_HERN13.8U4_TE_ALA.PARO.MANUAL_DNP.EQ
C_G_HERN13.8U3_TE_ALA.FAL.ELECTR._DNP.EQ
C_G_HERN13.8U6_TE_ALA.PARO.MANUAL_DNP.EQ
C_G_HERN_U6841-5FVLV._DNP.EQ
C_G_HERN13.8U5_TE_ALA.PARO.MANUAL_DNP.EQ
C_G_HERN13.8U1_TE_ALA.FAL.MECANI._DNP.EQ
C_G_HERN13.8U2_TE_ALA.FAL.MECANI._DNP.EQ
C_G_HERN13.8U6_TE_ALA.FAL.MECANI._DNP.EQ
C_GUANG2_ALM_F_SME_TK_130_0_TEMP_CO_DNP.AQ
C_GUANG2_CON_D_SMD_OUT_PRES._DNP.AQ
C_GUANG2_CON_F_SMD_IN_DENSID_DNP.AQ
C_GUANG2_CON_F_SMD_OUT_F_VOL._DNP.AQ
C_GUANG2_CON_F_SMD_OUT_M_FACT_DNP.AQ
C_GUANG2_CON_F_SMD_OUT_F_VOLT_DNP.AQ
C_GUANG213.8BAR_U6_V.BARRA_DNP.AQ
C_GUANG2_CON_D_SMD_OUT_F_VOL._DNP.AQ
C_GUANG2_CON_D_SMD_OUT_F_VOLT_DNP.AQ
C_GUANG2_CON_D_SMD_OUT_M_FACT_DNP.AQ
C_GUANG2_CON_D_SMD_OUT_TEMP._DNP.AQ
C_GUANG2_CON_D_SMD_OUT_F_MAS._DNP.AQ
C_GUANG2_TRF_F_SMD_M_108_0_F_MAS._DNP.AQ
C_GUANG2_TRF_F_SMD_M_108_0_F_VOL._DNP.AQ
C_GUANG2_CON_D_SMD_IN_DENSID_DNP.AQ
C_GUANG2_CON_F_SMD_IN_F_VOLT_DNP.AQ
C_GUANG2_REC_F_SMD_M_106_0_F_MAS._DNP.AQ
C_GUANG2_REC_F_SMD_M_107_0_F_MAST_DNP.AQ
C_GUANG2_TRF_D_SMD_M_109_0_F_VOLT_DNP.AQ
C_GUANG2_REC_F_SMD_M_106_0_TEMP._DNP.AQ
C_GUANG2_REC_F_SMD_M_106_0_F_VOLT_DNP.AQ
C_GUANG2_REC_F_SMD_M_107_0_DENSID_DNP.AQ
C_GUANG2_REC_F_SMD_M_106_0_PRES._DNP.AQ
C_GUANG2_TRF_F_SMD_M_108_0_PRES._DNP.AQ
C_GUANG2_TRF_F_SMD_M_108_0_TEMP._DNP.AQ
C_GUANG2_TRF_F_SMD_M_108_0_F_VOLT_DNP.AQ
C_GUANG2_REC_F_SMD_M_107_0_F_MAS._DNP.AQ
C_GUANG2_REC_F_SMD_M_107_0_F_VOL._DNP.AQ
C_GUANG2_REC_F_SMD_M_106_0_DENSID_DNP.AQ
C_GUANG2_CON_F_SMD_IN_M_FACT_DNP.AQ
C_GUANG2_REC_F_SMD_M_106_0_F_VOL._DNP.AQ
C_GUANG2_REC_F_SMD_M_106_0_F_MAST_DNP.AQ
C_GUANG2_REC_F_SMD_M_107_0_M_FACT_DNP.AQ
C_GUANG2_ALM_F_SME_TK_130_0_NI_AGUA_DNP.AQ
C_GUANG2_REC_F_SMD_M_106_0_M_FACT_DNP.AQ
C_GUANG2_TRF_F_SMD_M_108_0_M_FACT_DNP.AQ
C_GUANG2_REC_F_SMD_M_107_0_PRES._DNP.AQ
C_GUANG2_CON_F_SMD_OUT_PRES._DNP.AQ
C_GUANG2_CON_F_SMD_OUT_TEMP._DNP.AQ
C_GUANG2_INT_F_SME_TK_131_0_NI_COMB_DNP.AQ
C_GUANG2_DIA_D_SME_TK_132_0_NI_AGUA_DNP.AQ
C_GUANG2_DIA_F_SME_TK_133_0_NI_AGUA_DNP.AQ
C_GUANG2_CON_D_SMD_OUT_DENSID_DNP.AQ
C_GUANG2_TRF_D_SMD_M_109_0_TEMP._DNP.AQ
C_GUANG2_CON_D_SMD_IN_F_VOLT_DNP.AQ
C_GUANG2_CON_F_SMD_IN_F_VOL._DNP.AQ
C_GUANG2_INT_F_SME_TK_131_0_NI_AGUA_DNP.AQ
C_GUANG2_INT_F_SME_TK_131_0_TEMP_CO_DNP.AQ
C_GUANG213.8BAR_1_V.BARRA_DNP.AQ
C_GUANG213.8BAR_B2_V.BARRA_DNP.AQ
C_GUANG213.8BAR_B2_HERTZ_DNP.AQ
C_GUANG2_DIA_F_SME_TK_133_0_TEMP_CO_DNP.AQ
C_GUANG213.8BAR_U1_V.BARRA_DNP.AQ
C_GUANG2_TRF_D_SMD_M_109_0_DENSID_DNP.AQ
C_GUANG2_DIA_D_SME_TK_132_0_TEMP_CO_DNP.AQ
C_GUANG2_DIA_D_SME_TK_132_0_VOL_STD_DNP.AQ
C_GUANG2_DIA_F_SME_TK_133_0_VOL_STD_DNP.AQ
C_GUANG2_DIA_F_SME_TK_133_0_NI_COMB_DNP.AQ
C_GUANG2_DIA_D_SME_TK_132_0_NI_COMB_DNP.AQ
C_GUANG2_CON_F_SMD_IN_F_MAS._DNP.AQ
C_GUANG213.8BAR_U3_V.BARRA_DNP.AQ
C_GUANG2_ALM_F_SME_TK_130_0_VOL_STD_DNP.AQ
C_GUANG2_T2-46-13.-_P.TRA46_DNP.AQ
C_GUANG2_T2-46-13.-_Q.TRA46_DNP.AQ
C_GUANG2_CON_D_SMD_IN_PRES._DNP.AQ
C_GUANG2_CON_D_SMD_IN_TEMP._DNP.AQ
C_GUANG2_CON_D_SMD_IN_F_MAS._DNP.AQ
C_GUANG2_CON_D_SMD_IN_F_MAST_DNP.AQ
C_GUANG2_ALM_F_SME_TK_130_0_NI_COMB_DNP.AQ
C_GUANG2_TRF_D_SMD_M_109_0_F_VOL._DNP.AQ
C_GUANG2_TRF_D_SMD_M_109_0_F_MAST_DNP.AQ
C_GUANG2_TRF_D_SMD_M_109_0_M_FACT_DNP.AQ
C_GUANG2_TRF_D_SMD_M_109_0_PRES._DNP.AQ
C_GUANG2_CON_D_SMD_IN_M_FACT_DNP.AQ
C_GUANG2_CON_F_SMD_IN_TEMP._DNP.AQ
C_GUANG2_CON_F_SMD_IN_PRES._DNP.AQ
C_GUANG2_TRF_D_SMD_M_109_0_F_MAS._DNP.AQ
C_GUANG2_TRF_F_SMD_M_108_0_F_MAST_DNP.AQ
C_GUANG2_INT_F_SME_TK_131_0_VOL_STD_DNP.AQ
C_GUANG2_TRF_F_SMD_M_108_0_DENSID_DNP.AQ
C_GUANG213.8BAR_U4_V.BARRA_DNP.AQ
C_GUANG213.8BAR_U5_V.BARRA_DNP.AQ
C_GUANG2_CON_F_SMD_IN_F_MAST_DNP.AQ
C_GUANG213.8BAR_U2_V.BARRA_DNP.AQ
C_GUANG2_REC_F_SMD_M_107_0_TEMP._DNP.AQ
C_GUANG2_REC_F_SMD_M_107_0_F_VOLT_DNP.AQ
C_GUANG2_CON_F_SMD_OUT_DENSID_DNP.AQ
C_GUANG2_CON_F_SMD_OUT_F_MAS._DNP.AQ
C_GUANG213.8BAR_B1_HERTZ_DNP.AQ
C_GUANG2_CON_D_SMD_IN_F_VOL._DNP.AQ
C_GUANG2_T3-138-13.-_P.TRA13._DNP.AQ
C_GUANG2_T3-138-13.-_Q.TRA13._DNP.AQ
C_GUANG2_CON_F_SMD_OUT_F_MAST_DNP.AQ
C_GUANG2_CON_D_SMD_OUT_F_MAST_DNP.AQ
C_GUANG213.8U1_TE_FLG.UNID.DISPON_DNP.EQ
C_GUANG213.8U6_TE_ALA.PARO.EMERG._DNP.EQ
C_GUANG213.8U1_TE_ALA.PARO.EMERG._DNP.EQ
C_GUANG213.8U2_TE_ALA.FAL.ELECTR._DNP.EQ
C_GUANG213.8U2_TE_ALA.PARO.EMERG._DNP.EQ
C_GUANG213.8U3_TE_ALA.PARO.EMERG._DNP.EQ
C_GUANG213.8U3_TE_ALA.FAL.ELECTR._DNP.EQ
C_GUANG213.8U4_TE_ALA.FAL.ELECTR._DNP.EQ
C_GUANG213.8U5_TE_ALA.FAL.ELECTR._DNP.EQ
C_GUANG213.8U6_TE_FLG.UNID.DISPON_DNP.EQ
C_GUANG213.8U6_TE_ALA.FAL.MECANI._DNP.EQ
C_GUANG213.8U5_TE_ALA.FAL.MECANI._DNP.EQ
C_GUANG2_T2-46-13.-_ALA.PRO.DIF_DNP.EQ
C_GUANG213.8U6_TE_ALA.FAL.ELECTR._DNP.EQ
C_GUANG213.8U1_TE_ALA.FAL.ELECTR._DNP.EQ
C_GUANG246T2_SC.TRA89-1L2_DNP.SQ
C_GUANG2_T2-46-13.-_ALA.SOBREP_DNP.EQ
C_GUANG246T2_SC.TRA89-2L2_DNP.SQ
C_GUANG2_T2-46-13.-_ALA.SOBRET._DNP.EQ
C_GUANG213.8U4_TE_ALA.PARO.EMERG._DNP.EQ
C_GUANG2_T2-46-13.-_ALA.BUCHHOL_DNP.EQ
C_GUANG2138T3_SC.TRA89-31_DNP.SQ
C_GUANG2_T3-138-13.-_ALA.SOBREP_DNP.EQ
C_GUANG2_T2-46-13.-_ALA.SOBREC._DNP.EQ
C_GUANG2_T2-46-13.-_ALA.SOBRETB_DNP.EQ
C_GUANG213.8U1_TE_ALA.FAL.MECANI._DNP.EQ
C_GUANG213.8U5_TE_ALA.PARO.EMERG._DNP.EQ
C_GUANG213.8U3_TE_ALA.FAL.MECANI._DNP.EQ
C_GUANG213.8U4_TE_ALA.FAL.MECANI._DNP.EQ
C_GUANG213.8U2_TE_ALA.FAL.MECANI._DNP.EQ
C_GUANG2_T3-138-13.-_ALA.PRO.DIF_DNP.EQ
C_GUANG213.8U4_TE_FLG.UNID.DISPON_DNP.EQ
C_GUANG213.8U3_TE_FLG.UNID.DISPON_DNP.EQ
C_GUANG2_T3-138-13.-_ALA.SOBRETB_DNP.EQ
C_GUANG213.8U5_TE_FLG.UNID.DISPON_DNP.EQ
C_GUANG213.8U2_TE_FLG.UNID.DISPON_DNP.EQ

[2020-07-06 14:08:17] 	 Proceso finalizado exitosamente:
 (9, 'Reporte escrito en base de datos\nNodo [E.E. QUITO] procesado en: \t\t0:00:10.964204 \nNumero de tags procesadas: \t75')
[0m